1763753298902574: THREAD 0 AWAKENED FOR WORK
1763753298902744: THREAD 1 WAITING FOR MY TURN
1763753298902756: THREAD 0 INSERT,1874280167,Shigeru Miyamoto,85000
1763753298902780: THREAD 2 WAITING FOR MY TURN
1763753298902811: THREAD 0 WRITE LOCK ACQUIRED
1763753298902846: THREAD 3 WAITING FOR MY TURN
1763753298902862: THREAD 0 WRITE LOCK RELEASED
1763753298902887: THREAD 4 WAITING FOR MY TURN
1763753298902971: THREAD 5 WAITING FOR MY TURN
1763753298903049: THREAD 6 WAITING FOR MY TURN
1763753298903114: THREAD 6 WAITING FOR MY TURN
1763753298903130: THREAD 2 WAITING FOR MY TURN
1763753298903153: THREAD 5 WAITING FOR MY TURN
1763753298903180: THREAD 4 WAITING FOR MY TURN
1763753298903323: THREAD 1 AWAKENED FOR WORK
1763753298903346: THREAD 1 INSERT,2569965317,Hideo Kojima,92000
1763753298903349: THREAD 3 WAITING FOR MY TURN
1763753298904940: THREAD 1 WRITE LOCK ACQUIRED
1763753298904963: THREAD 7 WAITING FOR MY TURN
1763753298904969: THREAD 1 WRITE LOCK RELEASED
1763753298904984: THREAD 8 WAITING FOR MY TURN
1763753298905007: THREAD 9 WAITING FOR MY TURN
1763753298905017: THREAD 10 WAITING FOR MY TURN
1763753298905027: THREAD 11 WAITING FOR MY TURN
1763753298905040: THREAD 12 WAITING FOR MY TURN
1763753298905052: THREAD 13 WAITING FOR MY TURN
1763753298905060: THREAD 14 WAITING FOR MY TURN
1763753298905070: THREAD 15 WAITING FOR MY TURN
1763753298905079: THREAD 16 WAITING FOR MY TURN
1763753298905088: THREAD 17 WAITING FOR MY TURN
1763753298905096: THREAD 18 WAITING FOR MY TURN
1763753298905103: THREAD 19 WAITING FOR MY TURN
1763753298905112: THREAD 20 WAITING FOR MY TURN
1763753298905120: THREAD 21 WAITING FOR MY TURN
1763753298905132: THREAD 22 WAITING FOR MY TURN
1763753298905145: THREAD 23 WAITING FOR MY TURN
1763753298905156: THREAD 24 WAITING FOR MY TURN
1763753298905167: THREAD 25 WAITING FOR MY TURN
1763753298905176: THREAD 26 WAITING FOR MY TURN
1763753298905188: THREAD 27 WAITING FOR MY TURN
1763753298905199: THREAD 28 WAITING FOR MY TURN
1763753298905211: THREAD 29 WAITING FOR MY TURN
1763753298905246: THREAD 30 WAITING FOR MY TURN
1763753298905361: THREAD 31 WAITING FOR MY TURN
1763753298905376: THREAD 32 WAITING FOR MY TURN
1763753298905390: THREAD 29 WAITING FOR MY TURN
1763753298905400: THREAD 25 WAITING FOR MY TURN
1763753298905412: THREAD 22 WAITING FOR MY TURN
1763753298905423: THREAD 26 WAITING FOR MY TURN
1763753298905435: THREAD 27 WAITING FOR MY TURN
1763753298905449: THREAD 20 WAITING FOR MY TURN
1763753298905458: THREAD 28 WAITING FOR MY TURN
1763753298905470: THREAD 33 WAITING FOR MY TURN
1763753298905481: THREAD 23 WAITING FOR MY TURN
1763753298905493: THREAD 18 WAITING FOR MY TURN
1763753298905507: THREAD 19 WAITING FOR MY TURN
1763753298905518: THREAD 17 WAITING FOR MY TURN
1763753298905527: THREAD 16 WAITING FOR MY TURN
1763753298905536: THREAD 13 WAITING FOR MY TURN
1763753298905544: THREAD 24 WAITING FOR MY TURN
1763753298905554: THREAD 14 WAITING FOR MY TURN
1763753298905565: THREAD 15 WAITING FOR MY TURN
1763753298905577: THREAD 21 WAITING FOR MY TURN
1763753298905587: THREAD 11 WAITING FOR MY TURN
1763753298905598: THREAD 9 WAITING FOR MY TURN
1763753298905612: THREAD 10 WAITING FOR MY TURN
1763753298905622: THREAD 12 WAITING FOR MY TURN
1763753298905633: THREAD 8 WAITING FOR MY TURN
1763753298905644: THREAD 3 WAITING FOR MY TURN
1763753298905653: THREAD 4 WAITING FOR MY TURN
1763753298905664: THREAD 5 WAITING FOR MY TURN
1763753298905676: THREAD 2 AWAKENED FOR WORK
1763753298905688: THREAD 6 WAITING FOR MY TURN
1763753298905689: THREAD 2 INSERT,448054155,Gabe Newell,88000
1763753298905700: THREAD 7 WAITING FOR MY TURN
1763753298905706: THREAD 2 WRITE LOCK ACQUIRED
1763753298905719: THREAD 34 WAITING FOR MY TURN
1763753298905727: THREAD 2 WRITE LOCK RELEASED
1763753298905741: THREAD 35 WAITING FOR MY TURN
1763753298905761: THREAD 36 WAITING FOR MY TURN
1763753298905776: THREAD 37 WAITING FOR MY TURN
1763753298905789: THREAD 38 WAITING FOR MY TURN
1763753298905831: THREAD 39 WAITING FOR MY TURN
1763753298906009: THREAD 35 WAITING FOR MY TURN
1763753298906022: THREAD 38 WAITING FOR MY TURN
1763753298906037: THREAD 37 WAITING FOR MY TURN
1763753298906100: THREAD 34 WAITING FOR MY TURN
1763753298906113: THREAD 5 WAITING FOR MY TURN
1763753298906129: THREAD 6 WAITING FOR MY TURN
1763753298906140: THREAD 40 WAITING FOR MY TURN
1763753298906148: THREAD 36 WAITING FOR MY TURN
1763753298906155: THREAD 7 WAITING FOR MY TURN
1763753298906163: THREAD 8 WAITING FOR MY TURN
1763753298906173: THREAD 4 WAITING FOR MY TURN
1763753298906181: THREAD 3 AWAKENED FOR WORK
1763753298906191: THREAD 3 INSERT,3885792650,Todd Howard,79000
1763753298906191: THREAD 10 WAITING FOR MY TURN
1763753298906196: THREAD 3 WRITE LOCK ACQUIRED
1763753298906208: THREAD 12 WAITING FOR MY TURN
1763753298906216: THREAD 3 WRITE LOCK RELEASED
1763753298906228: THREAD 41 WAITING FOR MY TURN
1763753298906244: THREAD 9 WAITING FOR MY TURN
1763753298906253: THREAD 11 WAITING FOR MY TURN
1763753298906260: THREAD 15 WAITING FOR MY TURN
1763753298906268: THREAD 21 WAITING FOR MY TURN
1763753298906279: THREAD 14 WAITING FOR MY TURN
1763753298906290: THREAD 24 WAITING FOR MY TURN
1763753298906297: THREAD 16 WAITING FOR MY TURN
1763753298906306: THREAD 17 WAITING FOR MY TURN
1763753298906317: THREAD 33 WAITING FOR MY TURN
1763753298906327: THREAD 13 WAITING FOR MY TURN
1763753298906337: THREAD 18 WAITING FOR MY TURN
1763753298906345: THREAD 19 WAITING FOR MY TURN
1763753298906352: THREAD 23 WAITING FOR MY TURN
1763753298906359: THREAD 28 WAITING FOR MY TURN
1763753298906366: THREAD 27 WAITING FOR MY TURN
1763753298906373: THREAD 20 WAITING FOR MY TURN
1763753298906381: THREAD 22 WAITING FOR MY TURN
1763753298906388: THREAD 26 WAITING FOR MY TURN
1763753298906395: THREAD 25 WAITING FOR MY TURN
1763753298906402: THREAD 32 WAITING FOR MY TURN
1763753298906409: THREAD 31 WAITING FOR MY TURN
1763753298906416: THREAD 29 WAITING FOR MY TURN
1763753298906423: THREAD 30 WAITING FOR MY TURN
1763753298906432: THREAD 42 WAITING FOR MY TURN
1763753298906439: THREAD 43 WAITING FOR MY TURN
1763753298906446: THREAD 44 WAITING FOR MY TURN
1763753298906455: THREAD 45 WAITING FOR MY TURN
1763753298906505: THREAD 46 WAITING FOR MY TURN
1763753298906654: THREAD 47 WAITING FOR MY TURN
1763753298906665: THREAD 48 WAITING FOR MY TURN
1763753298906682: THREAD 45 WAITING FOR MY TURN
1763753298906693: THREAD 42 WAITING FOR MY TURN
1763753298906706: THREAD 43 WAITING FOR MY TURN
1763753298906723: THREAD 44 WAITING FOR MY TURN
1763753298906734: THREAD 31 WAITING FOR MY TURN
1763753298906747: THREAD 29 WAITING FOR MY TURN
1763753298906758: THREAD 32 WAITING FOR MY TURN
1763753298906766: THREAD 25 WAITING FOR MY TURN
1763753298906774: THREAD 30 WAITING FOR MY TURN
1763753298906782: THREAD 20 WAITING FOR MY TURN
1763753298906790: THREAD 26 WAITING FOR MY TURN
1763753298906797: THREAD 22 WAITING FOR MY TURN
1763753298906804: THREAD 27 WAITING FOR MY TURN
1763753298906811: THREAD 23 WAITING FOR MY TURN
1763753298906819: THREAD 19 WAITING FOR MY TURN
1763753298906826: THREAD 28 WAITING FOR MY TURN
1763753298906833: THREAD 13 WAITING FOR MY TURN
1763753298906842: THREAD 18 WAITING FOR MY TURN
1763753298906850: THREAD 17 WAITING FOR MY TURN
1763753298906860: THREAD 24 WAITING FOR MY TURN
1763753298906869: THREAD 33 WAITING FOR MY TURN
1763753298906878: THREAD 14 WAITING FOR MY TURN
1763753298906889: THREAD 49 WAITING FOR MY TURN
1763753298906899: THREAD 16 WAITING FOR MY TURN
1763753298906906: THREAD 11 WAITING FOR MY TURN
1763753298906915: THREAD 9 WAITING FOR MY TURN
1763753298906922: THREAD 15 WAITING FOR MY TURN
1763753298906933: THREAD 21 WAITING FOR MY TURN
1763753298906942: THREAD 41 WAITING FOR MY TURN
1763753298906951: THREAD 10 WAITING FOR MY TURN
1763753298906960: THREAD 12 WAITING FOR MY TURN
1763753298906972: THREAD 4 AWAKENED FOR WORK
1763753298906981: THREAD 4 INSERT,1088855094,Hidetaka Miyazaki,95000
1763753298906983: THREAD 8 WAITING FOR MY TURN
1763753298906986: THREAD 4 WRITE LOCK ACQUIRED
1763753298906995: THREAD 36 WAITING FOR MY TURN
1763753298906999: THREAD 4 WRITE LOCK RELEASED
1763753298907011: THREAD 7 WAITING FOR MY TURN
1763753298907022: THREAD 6 WAITING FOR MY TURN
1763753298907029: THREAD 40 WAITING FOR MY TURN
1763753298907078: THREAD 37 WAITING FOR MY TURN
1763753298907090: THREAD 34 WAITING FOR MY TURN
1763753298907103: THREAD 38 WAITING FOR MY TURN
1763753298907113: THREAD 35 WAITING FOR MY TURN
1763753298907122: THREAD 5 WAITING FOR MY TURN
1763753298907132: THREAD 39 WAITING FOR MY TURN
1763753298907142: THREAD 50 WAITING FOR MY TURN
1763753298907154: THREAD 51 WAITING FOR MY TURN
1763753298907164: THREAD 52 WAITING FOR MY TURN
1763753298907176: THREAD 53 WAITING FOR MY TURN
1763753298907187: THREAD 54 WAITING FOR MY TURN
1763753298907238: THREAD 55 WAITING FOR MY TURN
1763753298907487: THREAD 56 WAITING FOR MY TURN
1763753298907504: THREAD 54 WAITING FOR MY TURN
1763753298907515: THREAD 53 WAITING FOR MY TURN
1763753298907523: THREAD 5 AWAKENED FOR WORK
1763753298907531: THREAD 5 PRINT
1763753298907535: THREAD 52 WAITING FOR MY TURN
1763753298907537: THREAD 5 READ LOCK ACQUIRED
1763753298907553: THREAD 50 WAITING FOR MY TURN
1763753298907564: THREAD 5 READ LOCK RELEASED
1763753298907576: THREAD 39 WAITING FOR MY TURN
1763753298907594: THREAD 57 WAITING FOR MY TURN
1763753298907605: THREAD 51 WAITING FOR MY TURN
1763753298907616: THREAD 35 WAITING FOR MY TURN
1763753298907626: THREAD 34 WAITING FOR MY TURN
1763753298907637: THREAD 37 WAITING FOR MY TURN
1763753298907650: THREAD 40 WAITING FOR MY TURN
1763753298907659: THREAD 7 WAITING FOR MY TURN
1763753298907669: THREAD 36 WAITING FOR MY TURN
1763753298907680: THREAD 6 WAITING FOR MY TURN
1763753298907694: THREAD 12 WAITING FOR MY TURN
1763753298907705: THREAD 8 WAITING FOR MY TURN
1763753298907716: THREAD 10 WAITING FOR MY TURN
1763753298907727: THREAD 9 WAITING FOR MY TURN
1763753298907737: THREAD 15 WAITING FOR MY TURN
1763753298907749: THREAD 41 WAITING FOR MY TURN
1763753298907759: THREAD 11 WAITING FOR MY TURN
1763753298907769: THREAD 49 WAITING FOR MY TURN
1763753298907779: THREAD 21 WAITING FOR MY TURN
1763753298907791: THREAD 16 WAITING FOR MY TURN
1763753298907802: THREAD 33 WAITING FOR MY TURN
1763753298907812: THREAD 14 WAITING FOR MY TURN
1763753298907823: THREAD 24 WAITING FOR MY TURN
1763753298907834: THREAD 17 WAITING FOR MY TURN
1763753298907845: THREAD 58 WAITING FOR MY TURN
1763753298907855: THREAD 23 WAITING FOR MY TURN
1763753298907865: THREAD 18 WAITING FOR MY TURN
1763753298907874: THREAD 19 WAITING FOR MY TURN
1763753298907885: THREAD 13 WAITING FOR MY TURN
1763753298907897: THREAD 26 WAITING FOR MY TURN
1763753298907908: THREAD 20 WAITING FOR MY TURN
1763753298907917: THREAD 27 WAITING FOR MY TURN
1763753298907927: THREAD 59 WAITING FOR MY TURN
1763753298907937: THREAD 30 WAITING FOR MY TURN
1763753298907947: THREAD 28 WAITING FOR MY TURN
1763753298907956: THREAD 25 WAITING FOR MY TURN
1763753298907966: THREAD 22 WAITING FOR MY TURN
1763753298907975: THREAD 29 WAITING FOR MY TURN
1763753298907985: THREAD 32 WAITING FOR MY TURN
1763753298907995: THREAD 42 WAITING FOR MY TURN
1763753298908005: THREAD 44 WAITING FOR MY TURN
1763753298908014: THREAD 48 WAITING FOR MY TURN
1763753298908024: THREAD 43 WAITING FOR MY TURN
1763753298908034: THREAD 45 WAITING FOR MY TURN
1763753298908043: THREAD 31 WAITING FOR MY TURN
1763753298908053: THREAD 47 WAITING FOR MY TURN
1763753298908063: THREAD 46 WAITING FOR MY TURN
1763753298908072: THREAD 38 WAITING FOR MY TURN
1763753298908124: THREAD 38 WAITING FOR MY TURN
1763753298908339: THREAD 46 WAITING FOR MY TURN
1763753298908350: THREAD 43 WAITING FOR MY TURN
1763753298908361: THREAD 47 WAITING FOR MY TURN
1763753298908371: THREAD 31 WAITING FOR MY TURN
1763753298908382: THREAD 45 WAITING FOR MY TURN
1763753298908392: THREAD 42 WAITING FOR MY TURN
1763753298908404: THREAD 48 WAITING FOR MY TURN
1763753298908414: THREAD 44 WAITING FOR MY TURN
1763753298908424: THREAD 29 WAITING FOR MY TURN
1763753298908434: THREAD 32 WAITING FOR MY TURN
1763753298908444: THREAD 30 WAITING FOR MY TURN
1763753298908454: THREAD 22 WAITING FOR MY TURN
1763753298908464: THREAD 25 WAITING FOR MY TURN
1763753298908474: THREAD 28 WAITING FOR MY TURN
1763753298908483: THREAD 59 WAITING FOR MY TURN
1763753298908497: THREAD 27 WAITING FOR MY TURN
1763753298908509: THREAD 26 WAITING FOR MY TURN
1763753298908519: THREAD 20 WAITING FOR MY TURN
1763753298908529: THREAD 13 WAITING FOR MY TURN
1763753298908539: THREAD 19 WAITING FOR MY TURN
1763753298908549: THREAD 18 WAITING FOR MY TURN
1763753298908559: THREAD 23 WAITING FOR MY TURN
1763753298908569: THREAD 33 WAITING FOR MY TURN
1763753298908578: THREAD 58 WAITING FOR MY TURN
1763753298908588: THREAD 17 WAITING FOR MY TURN
1763753298908597: THREAD 16 WAITING FOR MY TURN
1763753298908607: THREAD 14 WAITING FOR MY TURN
1763753298908617: THREAD 21 WAITING FOR MY TURN
1763753298908627: THREAD 24 WAITING FOR MY TURN
1763753298908636: THREAD 49 WAITING FOR MY TURN
1763753298908646: THREAD 11 WAITING FOR MY TURN
1763753298908655: THREAD 10 WAITING FOR MY TURN
1763753298908666: THREAD 41 WAITING FOR MY TURN
1763753298908675: THREAD 9 WAITING FOR MY TURN
1763753298908685: THREAD 8 WAITING FOR MY TURN
1763753298908695: THREAD 15 WAITING FOR MY TURN
1763753298908706: THREAD 12 WAITING FOR MY TURN
1763753298908732: THREAD 6 AWAKENED FOR WORK
1763753298908750: THREAD 6 SEARCH,1874280167,Shigeru Miyamoto
1763753298908756: THREAD 6 READ LOCK ACQUIRED
1763753298908756: THREAD 36 WAITING FOR MY TURN
1763753298908762: THREAD 6 READ LOCK RELEASED
1763753298908782: THREAD 37 WAITING FOR MY TURN
1763753298908815: THREAD 7 WAITING FOR MY TURN
1763753298908826: THREAD 34 WAITING FOR MY TURN
1763753298908839: THREAD 40 WAITING FOR MY TURN
1763753298908850: THREAD 35 WAITING FOR MY TURN
1763753298908861: THREAD 51 WAITING FOR MY TURN
1763753298908878: THREAD 54 WAITING FOR MY TURN
1763753298908893: THREAD 57 WAITING FOR MY TURN
1763753298908904: THREAD 39 WAITING FOR MY TURN
1763753298908918: THREAD 50 WAITING FOR MY TURN
1763753298908933: THREAD 55 WAITING FOR MY TURN
1763753298908944: THREAD 52 WAITING FOR MY TURN
1763753298908960: THREAD 53 WAITING FOR MY TURN
1763753298908969: THREAD 56 WAITING FOR MY TURN
1763753298909031: THREAD 53 WAITING FOR MY TURN
1763753298909245: THREAD 56 WAITING FOR MY TURN
1763753298909258: THREAD 52 WAITING FOR MY TURN
1763753298909269: THREAD 55 WAITING FOR MY TURN
1763753298909284: THREAD 39 WAITING FOR MY TURN
1763753298909295: THREAD 35 WAITING FOR MY TURN
1763753298909306: THREAD 50 WAITING FOR MY TURN
1763753298909317: THREAD 51 WAITING FOR MY TURN
1763753298909333: THREAD 57 WAITING FOR MY TURN
1763753298909344: THREAD 54 WAITING FOR MY TURN
1763753298909355: THREAD 40 WAITING FOR MY TURN
1763753298909366: THREAD 34 WAITING FOR MY TURN
1763753298909378: THREAD 7 AWAKENED FOR WORK
1763753298909387: THREAD 7 SEARCH,2569965317,Hideo Kojima
1763753298909388: THREAD 36 WAITING FOR MY TURN
1763753298909392: THREAD 7 READ LOCK ACQUIRED
1763753298909404: THREAD 37 WAITING FOR MY TURN
1763753298909411: THREAD 7 READ LOCK RELEASED
1763753298909424: THREAD 12 WAITING FOR MY TURN
1763753298909443: THREAD 9 WAITING FOR MY TURN
1763753298909453: THREAD 15 WAITING FOR MY TURN
1763753298909461: THREAD 8 WAITING FOR MY TURN
1763753298909471: THREAD 10 WAITING FOR MY TURN
1763753298909481: THREAD 49 WAITING FOR MY TURN
1763753298909491: THREAD 24 WAITING FOR MY TURN
1763753298909501: THREAD 41 WAITING FOR MY TURN
1763753298909512: THREAD 11 WAITING FOR MY TURN
1763753298909521: THREAD 21 WAITING FOR MY TURN
1763753298909532: THREAD 16 WAITING FOR MY TURN
1763753298909541: THREAD 14 WAITING FOR MY TURN
1763753298909551: THREAD 17 WAITING FOR MY TURN
1763753298909561: THREAD 58 WAITING FOR MY TURN
1763753298909571: THREAD 23 WAITING FOR MY TURN
1763753298909580: THREAD 13 WAITING FOR MY TURN
1763753298909590: THREAD 20 WAITING FOR MY TURN
1763753298909600: THREAD 33 WAITING FOR MY TURN
1763753298909610: THREAD 18 WAITING FOR MY TURN
1763753298909620: THREAD 26 WAITING FOR MY TURN
1763753298909630: THREAD 28 WAITING FOR MY TURN
1763753298909641: THREAD 19 WAITING FOR MY TURN
1763753298909651: THREAD 59 WAITING FOR MY TURN
1763753298909661: THREAD 27 WAITING FOR MY TURN
1763753298909671: THREAD 25 WAITING FOR MY TURN
1763753298909681: THREAD 32 WAITING FOR MY TURN
1763753298909698: THREAD 30 WAITING FOR MY TURN
1763753298909743: THREAD 42 WAITING FOR MY TURN
1763753298909757: THREAD 22 WAITING FOR MY TURN
1763753298909768: THREAD 31 WAITING FOR MY TURN
1763753298909779: THREAD 29 WAITING FOR MY TURN
1763753298909790: THREAD 44 WAITING FOR MY TURN
1763753298909801: THREAD 48 WAITING FOR MY TURN
1763753298909812: THREAD 43 WAITING FOR MY TURN
1763753298909823: THREAD 45 WAITING FOR MY TURN
1763753298909834: THREAD 38 WAITING FOR MY TURN
1763753298909844: THREAD 46 WAITING FOR MY TURN
1763753298909855: THREAD 47 WAITING FOR MY TURN
1763753298909906: THREAD 47 WAITING FOR MY TURN
1763753298910120: THREAD 46 WAITING FOR MY TURN
1763753298910128: THREAD 45 WAITING FOR MY TURN
1763753298910139: THREAD 38 WAITING FOR MY TURN
1763753298910260: THREAD 43 WAITING FOR MY TURN
1763753298910276: THREAD 48 WAITING FOR MY TURN
1763753298910292: THREAD 44 WAITING FOR MY TURN
1763753298910309: THREAD 22 WAITING FOR MY TURN
1763753298910321: THREAD 31 WAITING FOR MY TURN
1763753298910334: THREAD 29 WAITING FOR MY TURN
1763753298910353: THREAD 42 WAITING FOR MY TURN
1763753298910367: THREAD 19 WAITING FOR MY TURN
1763753298910382: THREAD 59 WAITING FOR MY TURN
1763753298910399: THREAD 30 WAITING FOR MY TURN
1763753298910415: THREAD 32 WAITING FOR MY TURN
1763753298910428: THREAD 25 WAITING FOR MY TURN
1763753298910439: THREAD 27 WAITING FOR MY TURN
1763753298910448: THREAD 28 WAITING FOR MY TURN
1763753298910460: THREAD 26 WAITING FOR MY TURN
1763753298910478: THREAD 18 WAITING FOR MY TURN
1763753298910491: THREAD 20 WAITING FOR MY TURN
1763753298910507: THREAD 33 WAITING FOR MY TURN
1763753298910522: THREAD 23 WAITING FOR MY TURN
1763753298910534: THREAD 21 WAITING FOR MY TURN
1763753298910545: THREAD 17 WAITING FOR MY TURN
1763753298910556: THREAD 13 WAITING FOR MY TURN
1763753298910566: THREAD 58 WAITING FOR MY TURN
1763753298910578: THREAD 41 WAITING FOR MY TURN
1763753298910589: THREAD 16 WAITING FOR MY TURN
1763753298910600: THREAD 14 WAITING FOR MY TURN
1763753298910611: THREAD 49 WAITING FOR MY TURN
1763753298910623: THREAD 10 WAITING FOR MY TURN
1763753298910638: THREAD 24 WAITING FOR MY TURN
1763753298910647: THREAD 11 WAITING FOR MY TURN
1763753298910656: THREAD 15 WAITING FOR MY TURN
1763753298910665: THREAD 37 WAITING FOR MY TURN
1763753298910672: THREAD 12 WAITING FOR MY TURN
1763753298910681: THREAD 8 AWAKENED FOR WORK
1763753298910690: THREAD 8 INSERT,1698859017,Hayao Miyazaki,105000
1763753298910690: THREAD 9 WAITING FOR MY TURN
1763753298910694: THREAD 8 WRITE LOCK ACQUIRED
1763753298910704: THREAD 34 WAITING FOR MY TURN
1763753298910707: THREAD 8 WRITE LOCK RELEASED
1763753298910716: THREAD 57 WAITING FOR MY TURN
1763753298910728: THREAD 36 WAITING FOR MY TURN
1763753298910735: THREAD 40 WAITING FOR MY TURN
1763753298910744: THREAD 50 WAITING FOR MY TURN
1763753298910752: THREAD 54 WAITING FOR MY TURN
1763753298910763: THREAD 35 WAITING FOR MY TURN
1763753298910772: THREAD 51 WAITING FOR MY TURN
1763753298910780: THREAD 55 WAITING FOR MY TURN
1763753298910787: THREAD 39 WAITING FOR MY TURN
1763753298910795: THREAD 52 WAITING FOR MY TURN
1763753298910802: THREAD 53 WAITING FOR MY TURN
1763753298910809: THREAD 56 WAITING FOR MY TURN
1763753298910851: THREAD 56 WAITING FOR MY TURN
1763753298911015: THREAD 52 WAITING FOR MY TURN
1763753298911029: THREAD 53 WAITING FOR MY TURN
1763753298911037: THREAD 35 WAITING FOR MY TURN
1763753298911045: THREAD 51 WAITING FOR MY TURN
1763753298911056: THREAD 54 WAITING FOR MY TURN
1763753298911065: THREAD 40 WAITING FOR MY TURN
1763753298911073: THREAD 36 WAITING FOR MY TURN
1763753298911080: THREAD 39 WAITING FOR MY TURN
1763753298911090: THREAD 34 WAITING FOR MY TURN
1763753298911101: THREAD 55 WAITING FOR MY TURN
1763753298911109: THREAD 50 WAITING FOR MY TURN
1763753298911196: THREAD 37 WAITING FOR MY TURN
1763753298911206: THREAD 9 AWAKENED FOR WORK
1763753298911212: THREAD 9 INSERT,1636918322,Satoshi Kon,98000
1763753298911212: THREAD 11 WAITING FOR MY TURN
1763753298911216: THREAD 9 WRITE LOCK ACQUIRED
1763753298911225: THREAD 15 WAITING FOR MY TURN
1763753298911229: THREAD 9 WRITE LOCK RELEASED
1763753298911247: THREAD 24 WAITING FOR MY TURN
1763753298911271: THREAD 12 WAITING FOR MY TURN
1763753298911281: THREAD 57 WAITING FOR MY TURN
1763753298911292: THREAD 14 WAITING FOR MY TURN
1763753298911303: THREAD 16 WAITING FOR MY TURN
1763753298911316: THREAD 10 WAITING FOR MY TURN
1763753298911331: THREAD 41 WAITING FOR MY TURN
1763753298911339: THREAD 49 WAITING FOR MY TURN
1763753298911347: THREAD 58 WAITING FOR MY TURN
1763753298911356: THREAD 13 WAITING FOR MY TURN
1763753298911366: THREAD 21 WAITING FOR MY TURN
1763753298911377: THREAD 17 WAITING FOR MY TURN
1763753298911387: THREAD 23 WAITING FOR MY TURN
1763753298911398: THREAD 33 WAITING FOR MY TURN
1763753298911414: THREAD 18 WAITING FOR MY TURN
1763753298911422: THREAD 20 WAITING FOR MY TURN
1763753298911433: THREAD 26 WAITING FOR MY TURN
1763753298911509: THREAD 25 WAITING FOR MY TURN
1763753298911523: THREAD 28 WAITING FOR MY TURN
1763753298911531: THREAD 27 WAITING FOR MY TURN
1763753298911538: THREAD 59 WAITING FOR MY TURN
1763753298911546: THREAD 32 WAITING FOR MY TURN
1763753298911555: THREAD 29 WAITING FOR MY TURN
1763753298911565: THREAD 30 WAITING FOR MY TURN
1763753298911575: THREAD 42 WAITING FOR MY TURN
1763753298911590: THREAD 44 WAITING FOR MY TURN
1763753298911599: THREAD 48 WAITING FOR MY TURN
1763753298911605: THREAD 43 WAITING FOR MY TURN
1763753298911612: THREAD 22 WAITING FOR MY TURN
1763753298911618: THREAD 19 WAITING FOR MY TURN
1763753298911625: THREAD 31 WAITING FOR MY TURN
1763753298911633: THREAD 47 WAITING FOR MY TURN
1763753298911644: THREAD 45 WAITING FOR MY TURN
1763753298911659: THREAD 38 WAITING FOR MY TURN
1763753298911667: THREAD 46 WAITING FOR MY TURN
1763753298911712: THREAD 46 WAITING FOR MY TURN
1763753298911874: THREAD 38 WAITING FOR MY TURN
1763753298911887: THREAD 31 WAITING FOR MY TURN
1763753298911894: THREAD 19 WAITING FOR MY TURN
1763753298911901: THREAD 43 WAITING FOR MY TURN
1763753298911909: THREAD 45 WAITING FOR MY TURN
1763753298911916: THREAD 30 WAITING FOR MY TURN
1763753298911926: THREAD 44 WAITING FOR MY TURN
1763753298911943: THREAD 29 WAITING FOR MY TURN
1763753298911954: THREAD 59 WAITING FOR MY TURN
1763753298911963: THREAD 22 WAITING FOR MY TURN
1763753298911970: THREAD 28 WAITING FOR MY TURN
1763753298911977: THREAD 25 WAITING FOR MY TURN
1763753298911984: THREAD 32 WAITING FOR MY TURN
1763753298911992: THREAD 42 WAITING FOR MY TURN
1763753298912001: THREAD 26 WAITING FOR MY TURN
1763753298912012: THREAD 20 WAITING FOR MY TURN
1763753298912023: THREAD 47 WAITING FOR MY TURN
1763753298912034: THREAD 18 WAITING FOR MY TURN
1763753298912044: THREAD 27 WAITING FOR MY TURN
1763753298912054: THREAD 48 WAITING FOR MY TURN
1763753298912065: THREAD 23 WAITING FOR MY TURN
1763753298912075: THREAD 33 WAITING FOR MY TURN
1763753298912090: THREAD 21 WAITING FOR MY TURN
1763753298912100: THREAD 17 WAITING FOR MY TURN
1763753298912110: THREAD 13 WAITING FOR MY TURN
1763753298912120: THREAD 58 WAITING FOR MY TURN
1763753298912131: THREAD 49 WAITING FOR MY TURN
1763753298912140: THREAD 14 WAITING FOR MY TURN
1763753298912151: THREAD 16 WAITING FOR MY TURN
1763753298912161: THREAD 41 WAITING FOR MY TURN
1763753298912172: THREAD 10 AWAKENED FOR WORK
1763753298912180: THREAD 10 INSERT,2395623603,Makoto Shinkai,102000
1763753298912182: THREAD 12 WAITING FOR MY TURN
1763753298912186: THREAD 10 WRITE LOCK ACQUIRED
1763753298912200: THREAD 24 WAITING FOR MY TURN
1763753298912205: THREAD 10 WRITE LOCK RELEASED
1763753298912217: THREAD 37 WAITING FOR MY TURN
1763753298912234: THREAD 50 WAITING FOR MY TURN
1763753298912244: THREAD 57 WAITING FOR MY TURN
1763753298912254: THREAD 36 WAITING FOR MY TURN
1763753298912265: THREAD 15 WAITING FOR MY TURN
1763753298912275: THREAD 11 WAITING FOR MY TURN
1763753298912285: THREAD 40 WAITING FOR MY TURN
1763753298912296: THREAD 34 WAITING FOR MY TURN
1763753298912306: THREAD 55 WAITING FOR MY TURN
1763753298912316: THREAD 39 WAITING FOR MY TURN
1763753298912327: THREAD 52 WAITING FOR MY TURN
1763753298912337: THREAD 35 WAITING FOR MY TURN
1763753298912350: THREAD 53 WAITING FOR MY TURN
1763753298912363: THREAD 54 WAITING FOR MY TURN
1763753298912374: THREAD 56 WAITING FOR MY TURN
1763753298912384: THREAD 51 WAITING FOR MY TURN
1763753298912435: THREAD 51 WAITING FOR MY TURN
1763753298912622: THREAD 53 WAITING FOR MY TURN
1763753298912634: THREAD 54 WAITING FOR MY TURN
1763753298912645: THREAD 56 WAITING FOR MY TURN
1763753298912655: THREAD 35 WAITING FOR MY TURN
1763753298912667: THREAD 40 WAITING FOR MY TURN
1763753298912677: THREAD 39 WAITING FOR MY TURN
1763753298912688: THREAD 11 AWAKENED FOR WORK
1763753298912696: THREAD 11 PRINT
1763753298912698: THREAD 52 WAITING FOR MY TURN
1763753298912701: THREAD 11 READ LOCK ACQUIRED
1763753298912718: THREAD 55 WAITING FOR MY TURN
1763753298912726: THREAD 11 READ LOCK RELEASED
1763753298912738: THREAD 57 WAITING FOR MY TURN
1763753298912755: THREAD 34 WAITING FOR MY TURN
1763753298912763: THREAD 37 WAITING FOR MY TURN
1763753298912770: THREAD 15 WAITING FOR MY TURN
1763753298912778: THREAD 36 WAITING FOR MY TURN
1763753298912794: THREAD 50 WAITING FOR MY TURN
1763753298912803: THREAD 24 WAITING FOR MY TURN
1763753298912814: THREAD 16 WAITING FOR MY TURN
1763753298912825: THREAD 12 WAITING FOR MY TURN
1763753298912835: THREAD 41 WAITING FOR MY TURN
1763753298912846: THREAD 14 WAITING FOR MY TURN
1763753298912856: THREAD 58 WAITING FOR MY TURN
1763753298912866: THREAD 49 WAITING FOR MY TURN
1763753298912877: THREAD 23 WAITING FOR MY TURN
1763753298912888: THREAD 21 WAITING FOR MY TURN
1763753298912898: THREAD 17 WAITING FOR MY TURN
1763753298912908: THREAD 33 WAITING FOR MY TURN
1763753298912918: THREAD 13 WAITING FOR MY TURN
1763753298912929: THREAD 48 WAITING FOR MY TURN
1763753298912940: THREAD 47 WAITING FOR MY TURN
1763753298912949: THREAD 26 WAITING FOR MY TURN
1763753298912960: THREAD 20 WAITING FOR MY TURN
1763753298912970: THREAD 42 WAITING FOR MY TURN
1763753298912981: THREAD 27 WAITING FOR MY TURN
1763753298912991: THREAD 18 WAITING FOR MY TURN
1763753298913002: THREAD 32 WAITING FOR MY TURN
1763753298913012: THREAD 25 WAITING FOR MY TURN
1763753298913023: THREAD 22 WAITING FOR MY TURN
1763753298913034: THREAD 59 WAITING FOR MY TURN
1763753298913045: THREAD 28 WAITING FOR MY TURN
1763753298913055: THREAD 44 WAITING FOR MY TURN
1763753298913065: THREAD 29 WAITING FOR MY TURN
1763753298913076: THREAD 45 WAITING FOR MY TURN
1763753298913087: THREAD 30 WAITING FOR MY TURN
1763753298913097: THREAD 19 WAITING FOR MY TURN
1763753298913108: THREAD 46 WAITING FOR MY TURN
1763753298913118: THREAD 43 WAITING FOR MY TURN
1763753298913129: THREAD 31 WAITING FOR MY TURN
1763753298913139: THREAD 38 WAITING FOR MY TURN
1763753298913189: THREAD 38 WAITING FOR MY TURN
1763753298913379: THREAD 31 WAITING FOR MY TURN
1763753298913391: THREAD 46 WAITING FOR MY TURN
1763753298913402: THREAD 43 WAITING FOR MY TURN
1763753298913412: THREAD 30 WAITING FOR MY TURN
1763753298913422: THREAD 19 WAITING FOR MY TURN
1763753298913433: THREAD 44 WAITING FOR MY TURN
1763753298913443: THREAD 45 WAITING FOR MY TURN
1763753298913454: THREAD 22 WAITING FOR MY TURN
1763753298913463: THREAD 59 WAITING FOR MY TURN
1763753298913478: THREAD 25 WAITING FOR MY TURN
1763753298913488: THREAD 29 WAITING FOR MY TURN
1763753298913498: THREAD 28 WAITING FOR MY TURN
1763753298913508: THREAD 32 WAITING FOR MY TURN
1763753298913518: THREAD 27 WAITING FOR MY TURN
1763753298913528: THREAD 18 WAITING FOR MY TURN
1763753298913537: THREAD 26 WAITING FOR MY TURN
1763753298913547: THREAD 42 WAITING FOR MY TURN
1763753298913556: THREAD 48 WAITING FOR MY TURN
1763753298913566: THREAD 20 WAITING FOR MY TURN
1763753298913576: THREAD 47 WAITING FOR MY TURN
1763753298913585: THREAD 13 WAITING FOR MY TURN
1763753298913596: THREAD 33 WAITING FOR MY TURN
1763753298913605: THREAD 49 WAITING FOR MY TURN
1763753298913615: THREAD 23 WAITING FOR MY TURN
1763753298913624: THREAD 17 WAITING FOR MY TURN
1763753298913634: THREAD 21 WAITING FOR MY TURN
1763753298913644: THREAD 14 WAITING FOR MY TURN
1763753298913653: THREAD 58 WAITING FOR MY TURN
1763753298913663: THREAD 12 AWAKENED FOR WORK
1763753298913674: THREAD 12 UPDATE,1874280167,Shigeru Miyamoto,90000
1763753298913675: THREAD 16 WAITING FOR MY TURN
1763753298913681: THREAD 12 WRITE LOCK ACQUIRED
1763753298913695: THREAD 41 WAITING FOR MY TURN
1763753298913701: THREAD 12 WRITE LOCK RELEASED
1763753298913716: THREAD 50 WAITING FOR MY TURN
1763753298913733: THREAD 24 WAITING FOR MY TURN
1763753298913742: THREAD 34 WAITING FOR MY TURN
1763753298913750: THREAD 15 WAITING FOR MY TURN
1763753298913760: THREAD 36 WAITING FOR MY TURN
1763753298913770: THREAD 37 WAITING FOR MY TURN
1763753298913780: THREAD 55 WAITING FOR MY TURN
1763753298913789: THREAD 57 WAITING FOR MY TURN
1763753298913799: THREAD 39 WAITING FOR MY TURN
1763753298913809: THREAD 52 WAITING FOR MY TURN
1763753298913819: THREAD 40 WAITING FOR MY TURN
1763753298913829: THREAD 35 WAITING FOR MY TURN
1763753298913839: THREAD 51 WAITING FOR MY TURN
1763753298913849: THREAD 56 WAITING FOR MY TURN
1763753298913859: THREAD 54 WAITING FOR MY TURN
1763753298913868: THREAD 53 WAITING FOR MY TURN
1763753298913915: THREAD 53 WAITING FOR MY TURN
1763753298914097: THREAD 40 WAITING FOR MY TURN
1763753298914109: THREAD 56 WAITING FOR MY TURN
1763753298914120: THREAD 54 WAITING FOR MY TURN
1763753298914130: THREAD 35 WAITING FOR MY TURN
1763753298914140: THREAD 52 WAITING FOR MY TURN
1763753298914151: THREAD 51 WAITING FOR MY TURN
1763753298914162: THREAD 36 WAITING FOR MY TURN
1763753298914172: THREAD 57 WAITING FOR MY TURN
1763753298914182: THREAD 34 WAITING FOR MY TURN
1763753298914192: THREAD 39 WAITING FOR MY TURN
1763753298914203: THREAD 15 WAITING FOR MY TURN
1763753298914214: THREAD 37 WAITING FOR MY TURN
1763753298914228: THREAD 55 WAITING FOR MY TURN
1763753298914239: THREAD 24 WAITING FOR MY TURN
1763753298914250: THREAD 16 WAITING FOR MY TURN
1763753298914260: THREAD 41 WAITING FOR MY TURN
1763753298914272: THREAD 50 WAITING FOR MY TURN
1763753298914282: THREAD 21 WAITING FOR MY TURN
1763753298914293: THREAD 17 WAITING FOR MY TURN
1763753298914303: THREAD 33 WAITING FOR MY TURN
1763753298914313: THREAD 23 WAITING FOR MY TURN
1763753298914323: THREAD 49 WAITING FOR MY TURN
1763753298914335: THREAD 58 WAITING FOR MY TURN
1763753298914345: THREAD 13 AWAKENED FOR WORK
1763753298914353: THREAD 13 UPDATE,2569965317,Hideo Kojima,97000
1763753298914355: THREAD 14 WAITING FOR MY TURN
1763753298914359: THREAD 13 WRITE LOCK ACQUIRED
1763753298914372: THREAD 26 WAITING FOR MY TURN
1763753298914376: THREAD 13 WRITE LOCK RELEASED
1763753298914390: THREAD 48 WAITING FOR MY TURN
1763753298914408: THREAD 42 WAITING FOR MY TURN
1763753298914419: THREAD 20 WAITING FOR MY TURN
1763753298914430: THREAD 18 WAITING FOR MY TURN
1763753298914440: THREAD 47 WAITING FOR MY TURN
1763753298914451: THREAD 32 WAITING FOR MY TURN
1763753298914461: THREAD 29 WAITING FOR MY TURN
1763753298914471: THREAD 28 WAITING FOR MY TURN
1763753298914483: THREAD 27 WAITING FOR MY TURN
1763753298914493: THREAD 25 WAITING FOR MY TURN
1763753298914505: THREAD 22 WAITING FOR MY TURN
1763753298914515: THREAD 59 WAITING FOR MY TURN
1763753298914527: THREAD 45 WAITING FOR MY TURN
1763753298914537: THREAD 46 WAITING FOR MY TURN
1763753298914547: THREAD 44 WAITING FOR MY TURN
1763753298914558: THREAD 43 WAITING FOR MY TURN
1763753298914569: THREAD 30 WAITING FOR MY TURN
1763753298914579: THREAD 19 WAITING FOR MY TURN
1763753298914590: THREAD 31 WAITING FOR MY TURN
1763753298914600: THREAD 38 WAITING FOR MY TURN
1763753298914648: THREAD 38 WAITING FOR MY TURN
1763753298914829: THREAD 19 WAITING FOR MY TURN
1763753298914838: THREAD 30 WAITING FOR MY TURN
1763753298914849: THREAD 31 WAITING FOR MY TURN
1763753298914859: THREAD 43 WAITING FOR MY TURN
1763753298914870: THREAD 44 WAITING FOR MY TURN
1763753298914879: THREAD 46 WAITING FOR MY TURN
1763753298914890: THREAD 45 WAITING FOR MY TURN
1763753298914900: THREAD 27 WAITING FOR MY TURN
1763753298914912: THREAD 59 WAITING FOR MY TURN
1763753298914923: THREAD 22 WAITING FOR MY TURN
1763753298914934: THREAD 25 WAITING FOR MY TURN
1763753298914944: THREAD 29 WAITING FOR MY TURN
1763753298914958: THREAD 28 WAITING FOR MY TURN
1763753298915028: THREAD 47 WAITING FOR MY TURN
1763753298915040: THREAD 32 WAITING FOR MY TURN
1763753298915051: THREAD 18 WAITING FOR MY TURN
1763753298915061: THREAD 26 WAITING FOR MY TURN
1763753298915071: THREAD 48 WAITING FOR MY TURN
1763753298915081: THREAD 20 WAITING FOR MY TURN
1763753298915091: THREAD 58 WAITING FOR MY TURN
1763753298915101: THREAD 42 WAITING FOR MY TURN
1763753298915111: THREAD 14 AWAKENED FOR WORK
1763753298915120: THREAD 14 SEARCH,1874280167,Shigeru Miyamoto
1763753298915121: THREAD 23 WAITING FOR MY TURN
1763753298915125: THREAD 14 READ LOCK ACQUIRED
1763753298915137: THREAD 17 WAITING FOR MY TURN
1763753298915143: THREAD 14 READ LOCK RELEASED
1763753298915157: THREAD 49 WAITING FOR MY TURN
1763753298915174: THREAD 16 WAITING FOR MY TURN
1763753298915184: THREAD 21 WAITING FOR MY TURN
1763753298915193: THREAD 33 WAITING FOR MY TURN
1763753298915203: THREAD 41 WAITING FOR MY TURN
1763753298915213: THREAD 55 WAITING FOR MY TURN
1763753298915224: THREAD 50 WAITING FOR MY TURN
1763753298915233: THREAD 24 WAITING FOR MY TURN
1763753298915243: THREAD 15 WAITING FOR MY TURN
1763753298915253: THREAD 39 WAITING FOR MY TURN
1763753298915263: THREAD 34 WAITING FOR MY TURN
1763753298915272: THREAD 37 WAITING FOR MY TURN
1763753298915283: THREAD 52 WAITING FOR MY TURN
1763753298915292: THREAD 51 WAITING FOR MY TURN
1763753298915302: THREAD 57 WAITING FOR MY TURN
1763753298915312: THREAD 36 WAITING FOR MY TURN
1763753298915321: THREAD 56 WAITING FOR MY TURN
1763753298915331: THREAD 35 WAITING FOR MY TURN
1763753298915342: THREAD 54 WAITING FOR MY TURN
1763753298915351: THREAD 53 WAITING FOR MY TURN
1763753298915361: THREAD 40 WAITING FOR MY TURN
1763753298915408: THREAD 40 WAITING FOR MY TURN
1763753298915587: THREAD 53 WAITING FOR MY TURN
1763753298915597: THREAD 54 WAITING FOR MY TURN
1763753298915608: THREAD 35 WAITING FOR MY TURN
1763753298915618: THREAD 51 WAITING FOR MY TURN
1763753298915629: THREAD 57 WAITING FOR MY TURN
1763753298915640: THREAD 56 WAITING FOR MY TURN
1763753298915651: THREAD 36 WAITING FOR MY TURN
1763753298915661: THREAD 34 WAITING FOR MY TURN
1763753298915672: THREAD 37 WAITING FOR MY TURN
1763753298915686: THREAD 52 WAITING FOR MY TURN
1763753298915697: THREAD 50 WAITING FOR MY TURN
1763753298915708: THREAD 15 AWAKENED FOR WORK
1763753298915717: THREAD 15 SEARCH,2569965317,Hideo Kojima
1763753298915718: THREAD 39 WAITING FOR MY TURN
1763753298915722: THREAD 15 READ LOCK ACQUIRED
1763753298915734: THREAD 55 WAITING FOR MY TURN
1763753298915741: THREAD 15 READ LOCK RELEASED
1763753298915753: THREAD 24 WAITING FOR MY TURN
1763753298915771: THREAD 21 WAITING FOR MY TURN
1763753298915781: THREAD 16 WAITING FOR MY TURN
1763753298915789: THREAD 41 WAITING FOR MY TURN
1763753298915799: THREAD 49 WAITING FOR MY TURN
1763753298915809: THREAD 17 WAITING FOR MY TURN
1763753298915818: THREAD 33 WAITING FOR MY TURN
1763753298915828: THREAD 42 WAITING FOR MY TURN
1763753298915838: THREAD 58 WAITING FOR MY TURN
1763753298915847: THREAD 23 WAITING FOR MY TURN
1763753298915857: THREAD 20 WAITING FOR MY TURN
1763753298915866: THREAD 48 WAITING FOR MY TURN
1763753298915876: THREAD 18 WAITING FOR MY TURN
1763753298915886: THREAD 26 WAITING FOR MY TURN
1763753298915896: THREAD 47 WAITING FOR MY TURN
1763753298915906: THREAD 32 WAITING FOR MY TURN
1763753298915915: THREAD 28 WAITING FOR MY TURN
1763753298915925: THREAD 29 WAITING FOR MY TURN
1763753298915934: THREAD 25 WAITING FOR MY TURN
1763753298915944: THREAD 59 WAITING FOR MY TURN
1763753298915953: THREAD 45 WAITING FOR MY TURN
1763753298915963: THREAD 22 WAITING FOR MY TURN
1763753298915973: THREAD 44 WAITING FOR MY TURN
1763753298915983: THREAD 43 WAITING FOR MY TURN
1763753298915993: THREAD 27 WAITING FOR MY TURN
1763753298916003: THREAD 46 WAITING FOR MY TURN
1763753298916013: THREAD 31 WAITING FOR MY TURN
1763753298916022: THREAD 38 WAITING FOR MY TURN
1763753298916032: THREAD 19 WAITING FOR MY TURN
1763753298916041: THREAD 30 WAITING FOR MY TURN
1763753298916090: THREAD 30 WAITING FOR MY TURN
1763753298916256: THREAD 38 WAITING FOR MY TURN
1763753298916273: THREAD 31 WAITING FOR MY TURN
1763753298916287: THREAD 27 WAITING FOR MY TURN
1763753298916298: THREAD 19 WAITING FOR MY TURN
1763753298916308: THREAD 46 WAITING FOR MY TURN
1763753298916319: THREAD 43 WAITING FOR MY TURN
1763753298916328: THREAD 22 WAITING FOR MY TURN
1763753298916339: THREAD 45 WAITING FOR MY TURN
1763753298916348: THREAD 44 WAITING FOR MY TURN
1763753298916359: THREAD 25 WAITING FOR MY TURN
1763753298916369: THREAD 59 WAITING FOR MY TURN
1763753298916380: THREAD 32 WAITING FOR MY TURN
1763753298916390: THREAD 18 WAITING FOR MY TURN
1763753298916401: THREAD 28 WAITING FOR MY TURN
1763753298916411: THREAD 29 WAITING FOR MY TURN
1763753298916421: THREAD 26 WAITING FOR MY TURN
1763753298916431: THREAD 47 WAITING FOR MY TURN
1763753298916440: THREAD 58 WAITING FOR MY TURN
1763753298916449: THREAD 23 WAITING FOR MY TURN
1763753298916459: THREAD 48 WAITING FOR MY TURN
1763753298916469: THREAD 20 WAITING FOR MY TURN
1763753298916479: THREAD 17 WAITING FOR MY TURN
1763753298916488: THREAD 42 WAITING FOR MY TURN
1763753298916498: THREAD 33 WAITING FOR MY TURN
1763753298916508: THREAD 49 WAITING FOR MY TURN
1763753298916518: THREAD 41 WAITING FOR MY TURN
1763753298916528: THREAD 24 WAITING FOR MY TURN
1763753298916537: THREAD 16 AWAKENED FOR WORK
1763753298916545: THREAD 16 INSERT,3985384421,Cloud Strife,75000
1763753298916546: THREAD 55 WAITING FOR MY TURN
1763753298916551: THREAD 16 WRITE LOCK ACQUIRED
1763753298916563: THREAD 21 WAITING FOR MY TURN
1763753298916569: THREAD 16 WRITE LOCK RELEASED
1763753298916583: THREAD 39 WAITING FOR MY TURN
1763753298916599: THREAD 50 WAITING FOR MY TURN
1763753298916609: THREAD 52 WAITING FOR MY TURN
1763753298916619: THREAD 56 WAITING FOR MY TURN
1763753298916629: THREAD 37 WAITING FOR MY TURN
1763753298916640: THREAD 36 WAITING FOR MY TURN
1763753298916650: THREAD 34 WAITING FOR MY TURN
1763753298916661: THREAD 51 WAITING FOR MY TURN
1763753298916671: THREAD 57 WAITING FOR MY TURN
1763753298916681: THREAD 35 WAITING FOR MY TURN
1763753298916692: THREAD 40 WAITING FOR MY TURN
1763753298916701: THREAD 53 WAITING FOR MY TURN
1763753298916711: THREAD 54 WAITING FOR MY TURN
1763753298916760: THREAD 54 WAITING FOR MY TURN
1763753298916927: THREAD 35 WAITING FOR MY TURN
1763753298916937: THREAD 53 WAITING FOR MY TURN
1763753298916951: THREAD 40 WAITING FOR MY TURN
1763753298916961: THREAD 57 WAITING FOR MY TURN
1763753298916972: THREAD 51 WAITING FOR MY TURN
1763753298916982: THREAD 36 WAITING FOR MY TURN
1763753298916993: THREAD 34 WAITING FOR MY TURN
1763753298917003: THREAD 50 WAITING FOR MY TURN
1763753298917014: THREAD 56 WAITING FOR MY TURN
1763753298917024: THREAD 37 WAITING FOR MY TURN
1763753298917035: THREAD 52 WAITING FOR MY TURN
1763753298917046: THREAD 21 WAITING FOR MY TURN
1763753298917057: THREAD 39 WAITING FOR MY TURN
1763753298917067: THREAD 55 WAITING FOR MY TURN
1763753298917077: THREAD 24 WAITING FOR MY TURN
1763753298917087: THREAD 33 WAITING FOR MY TURN
1763753298917098: THREAD 41 WAITING FOR MY TURN
1763753298917201: THREAD 49 WAITING FOR MY TURN
1763753298917214: THREAD 17 AWAKENED FOR WORK
1763753298917228: THREAD 17 INSERT,1962867686,Samus Aran,78000
1763753298917230: THREAD 48 WAITING FOR MY TURN
1763753298917234: THREAD 17 WRITE LOCK ACQUIRED
1763753298917255: THREAD 42 WAITING FOR MY TURN
1763753298917263: THREAD 17 WRITE LOCK RELEASED
1763753298917280: THREAD 20 WAITING FOR MY TURN
1763753298917307: THREAD 23 WAITING FOR MY TURN
1763753298917319: THREAD 58 WAITING FOR MY TURN
1763753298917330: THREAD 47 WAITING FOR MY TURN
1763753298917345: THREAD 28 WAITING FOR MY TURN
1763753298917355: THREAD 18 WAITING FOR MY TURN
1763753298917365: THREAD 29 WAITING FOR MY TURN
1763753298917384: THREAD 26 WAITING FOR MY TURN
1763753298917396: THREAD 59 WAITING FOR MY TURN
1763753298917413: THREAD 32 WAITING FOR MY TURN
1763753298917425: THREAD 44 WAITING FOR MY TURN
1763753298917440: THREAD 25 WAITING FOR MY TURN
1763753298917449: THREAD 45 WAITING FOR MY TURN
1763753298917457: THREAD 46 WAITING FOR MY TURN
1763753298917470: THREAD 22 WAITING FOR MY TURN
1763753298917485: THREAD 43 WAITING FOR MY TURN
1763753298917496: THREAD 19 WAITING FOR MY TURN
1763753298917503: THREAD 31 WAITING FOR MY TURN
1763753298917512: THREAD 27 WAITING FOR MY TURN
1763753298917523: THREAD 30 WAITING FOR MY TURN
1763753298917536: THREAD 38 WAITING FOR MY TURN
1763753298917587: THREAD 38 WAITING FOR MY TURN
1763753298917758: THREAD 30 WAITING FOR MY TURN
1763753298917772: THREAD 19 WAITING FOR MY TURN
1763753298917784: THREAD 31 WAITING FOR MY TURN
1763753298917794: THREAD 27 WAITING FOR MY TURN
1763753298917806: THREAD 45 WAITING FOR MY TURN
1763753298917816: THREAD 43 WAITING FOR MY TURN
1763753298917826: THREAD 44 WAITING FOR MY TURN
1763753298917836: THREAD 32 WAITING FOR MY TURN
1763753298917847: THREAD 25 WAITING FOR MY TURN
1763753298917857: THREAD 46 WAITING FOR MY TURN
1763753298917867: THREAD 22 WAITING FOR MY TURN
1763753298917878: THREAD 59 WAITING FOR MY TURN
1763753298917888: THREAD 29 WAITING FOR MY TURN
1763753298917898: THREAD 28 WAITING FOR MY TURN
1763753298917908: THREAD 18 AWAKENED FOR WORK
1763753298917917: THREAD 18 INSERT,2984192943,Link,82000
1763753298917918: THREAD 26 WAITING FOR MY TURN
1763753298917922: THREAD 18 WRITE LOCK ACQUIRED
1763753298917935: THREAD 58 WAITING FOR MY TURN
1763753298917942: THREAD 18 WRITE LOCK RELEASED
1763753298917953: THREAD 42 WAITING FOR MY TURN
1763753298917973: THREAD 47 WAITING FOR MY TURN
1763753298917989: THREAD 20 WAITING FOR MY TURN
1763753298918000: THREAD 23 WAITING FOR MY TURN
1763753298918010: THREAD 41 WAITING FOR MY TURN
1763753298918111: THREAD 49 WAITING FOR MY TURN
1763753298918184: THREAD 33 WAITING FOR MY TURN
1763753298918198: THREAD 48 WAITING FOR MY TURN
1763753298918214: THREAD 24 WAITING FOR MY TURN
1763753298918225: THREAD 52 WAITING FOR MY TURN
1763753298918237: THREAD 37 WAITING FOR MY TURN
1763753298918253: THREAD 39 WAITING FOR MY TURN
1763753298918264: THREAD 55 WAITING FOR MY TURN
1763753298918274: THREAD 21 WAITING FOR MY TURN
1763753298918285: THREAD 50 WAITING FOR MY TURN
1763753298918296: THREAD 56 WAITING FOR MY TURN
1763753298918306: THREAD 34 WAITING FOR MY TURN
1763753298918318: THREAD 40 WAITING FOR MY TURN
1763753298918329: THREAD 36 WAITING FOR MY TURN
1763753298918340: THREAD 51 WAITING FOR MY TURN
1763753298918350: THREAD 57 WAITING FOR MY TURN
1763753298918361: THREAD 54 WAITING FOR MY TURN
1763753298918371: THREAD 35 WAITING FOR MY TURN
1763753298918386: THREAD 53 WAITING FOR MY TURN
1763753298918436: THREAD 35 WAITING FOR MY TURN
1763753298918596: THREAD 53 WAITING FOR MY TURN
1763753298918608: THREAD 54 WAITING FOR MY TURN
1763753298918623: THREAD 51 WAITING FOR MY TURN
1763753298918634: THREAD 57 WAITING FOR MY TURN
1763753298918645: THREAD 40 WAITING FOR MY TURN
1763753298918656: THREAD 36 WAITING FOR MY TURN
1763753298918667: THREAD 56 WAITING FOR MY TURN
1763753298918677: THREAD 21 WAITING FOR MY TURN
1763753298918688: THREAD 50 WAITING FOR MY TURN
1763753298918711: THREAD 34 WAITING FOR MY TURN
1763753298918718: THREAD 39 WAITING FOR MY TURN
1763753298918725: THREAD 37 WAITING FOR MY TURN
1763753298918734: THREAD 55 WAITING FOR MY TURN
1763753298918745: THREAD 24 WAITING FOR MY TURN
1763753298918755: THREAD 48 WAITING FOR MY TURN
1763753298918764: THREAD 52 WAITING FOR MY TURN
1763753298918775: THREAD 33 WAITING FOR MY TURN
1763753298918785: THREAD 49 WAITING FOR MY TURN
1763753298918795: THREAD 41 WAITING FOR MY TURN
1763753298918805: THREAD 20 WAITING FOR MY TURN
1763753298918817: THREAD 47 WAITING FOR MY TURN
1763753298918827: THREAD 23 WAITING FOR MY TURN
1763753298918842: THREAD 58 WAITING FOR MY TURN
1763753298918853: THREAD 26 WAITING FOR MY TURN
1763753298918863: THREAD 28 WAITING FOR MY TURN
1763753298918872: THREAD 22 WAITING FOR MY TURN
1763753298918883: THREAD 42 WAITING FOR MY TURN
1763753298918895: THREAD 59 WAITING FOR MY TURN
1763753298918905: THREAD 29 WAITING FOR MY TURN
1763753298918916: THREAD 46 WAITING FOR MY TURN
1763753298918926: THREAD 32 WAITING FOR MY TURN
1763753298918938: THREAD 25 WAITING FOR MY TURN
1763753298918952: THREAD 44 WAITING FOR MY TURN
1763753298918966: THREAD 43 WAITING FOR MY TURN
1763753298918980: THREAD 27 WAITING FOR MY TURN
1763753298918992: THREAD 38 WAITING FOR MY TURN
1763753298919002: THREAD 45 WAITING FOR MY TURN
1763753298919013: THREAD 31 WAITING FOR MY TURN
1763753298919023: THREAD 19 AWAKENED FOR WORK
1763753298919032: THREAD 19 SEARCH,3985384421,Cloud Strife
1763753298919034: THREAD 30 WAITING FOR MY TURN
1763753298919037: THREAD 19 READ LOCK ACQUIRED
1763753298919061: THREAD 19 READ LOCK RELEASED
1763753298919106: THREAD 45 WAITING FOR MY TURN
1763753298919269: THREAD 30 WAITING FOR MY TURN
1763753298919280: THREAD 31 WAITING FOR MY TURN
1763753298919291: THREAD 43 WAITING FOR MY TURN
1763753298919300: THREAD 44 WAITING FOR MY TURN
1763753298919310: THREAD 38 WAITING FOR MY TURN
1763753298919321: THREAD 59 WAITING FOR MY TURN
1763753298919331: THREAD 27 WAITING FOR MY TURN
1763753298919340: THREAD 29 WAITING FOR MY TURN
1763753298919350: THREAD 46 WAITING FOR MY TURN
1763753298919360: THREAD 26 WAITING FOR MY TURN
1763753298919369: THREAD 42 WAITING FOR MY TURN
1763753298919379: THREAD 25 WAITING FOR MY TURN
1763753298919389: THREAD 32 WAITING FOR MY TURN
1763753298919399: THREAD 28 WAITING FOR MY TURN
1763753298919412: THREAD 23 WAITING FOR MY TURN
1763753298919422: THREAD 58 WAITING FOR MY TURN
1763753298919435: THREAD 22 WAITING FOR MY TURN
1763753298919446: THREAD 47 WAITING FOR MY TURN
1763753298919456: THREAD 49 WAITING FOR MY TURN
1763753298919465: THREAD 41 WAITING FOR MY TURN
1763753298919475: THREAD 33 WAITING FOR MY TURN
1763753298919488: THREAD 20 AWAKENED FOR WORK
1763753298919496: THREAD 20 SEARCH,2984192943,Link
1763753298919499: THREAD 24 WAITING FOR MY TURN
1763753298919502: THREAD 20 READ LOCK ACQUIRED
1763753298919516: THREAD 48 WAITING FOR MY TURN
1763753298919520: THREAD 20 READ LOCK RELEASED
1763753298919533: THREAD 34 WAITING FOR MY TURN
1763753298919551: THREAD 37 WAITING FOR MY TURN
1763753298919559: THREAD 55 WAITING FOR MY TURN
1763753298919568: THREAD 52 WAITING FOR MY TURN
1763753298919579: THREAD 36 WAITING FOR MY TURN
1763753298919588: THREAD 50 WAITING FOR MY TURN
1763753298919598: THREAD 39 WAITING FOR MY TURN
1763753298919608: THREAD 21 WAITING FOR MY TURN
1763753298919618: THREAD 57 WAITING FOR MY TURN
1763753298919627: THREAD 40 WAITING FOR MY TURN
1763753298919637: THREAD 51 WAITING FOR MY TURN
1763753298919647: THREAD 56 WAITING FOR MY TURN
1763753298919658: THREAD 53 WAITING FOR MY TURN
1763753298919668: THREAD 54 WAITING FOR MY TURN
1763753298919679: THREAD 35 WAITING FOR MY TURN
1763753298919728: THREAD 54 WAITING FOR MY TURN
1763753298919882: THREAD 53 WAITING FOR MY TURN
1763753298919891: THREAD 35 WAITING FOR MY TURN
1763753298919903: THREAD 56 WAITING FOR MY TURN
1763753298919914: THREAD 51 WAITING FOR MY TURN
1763753298919925: THREAD 39 WAITING FOR MY TURN
1763753298919936: THREAD 21 AWAKENED FOR WORK
1763753298919944: THREAD 21 PRINT
1763753298919946: THREAD 50 WAITING FOR MY TURN
1763753298919949: THREAD 21 READ LOCK ACQUIRED
1763753298919961: THREAD 57 WAITING FOR MY TURN
1763753298919970: THREAD 21 READ LOCK RELEASED
1763753298919980: THREAD 40 WAITING FOR MY TURN
1763753298920001: THREAD 36 WAITING FOR MY TURN
1763753298920010: THREAD 55 WAITING FOR MY TURN
1763753298920018: THREAD 48 WAITING FOR MY TURN
1763753298920027: THREAD 52 WAITING FOR MY TURN
1763753298920035: THREAD 34 WAITING FOR MY TURN
1763753298920044: THREAD 33 WAITING FOR MY TURN
1763753298920054: THREAD 37 WAITING FOR MY TURN
1763753298920064: THREAD 41 WAITING FOR MY TURN
1763753298920074: THREAD 24 WAITING FOR MY TURN
1763753298920084: THREAD 47 WAITING FOR MY TURN
1763753298920093: THREAD 49 WAITING FOR MY TURN
1763753298920104: THREAD 32 WAITING FOR MY TURN
1763753298920114: THREAD 28 WAITING FOR MY TURN
1763753298920124: THREAD 58 WAITING FOR MY TURN
1763753298920133: THREAD 22 WAITING FOR MY TURN
1763753298920143: THREAD 23 WAITING FOR MY TURN
1763753298920153: THREAD 26 WAITING FOR MY TURN
1763753298920163: THREAD 25 WAITING FOR MY TURN
1763753298920173: THREAD 42 WAITING FOR MY TURN
1763753298920186: THREAD 29 WAITING FOR MY TURN
1763753298920197: THREAD 46 WAITING FOR MY TURN
1763753298920208: THREAD 27 WAITING FOR MY TURN
1763753298920217: THREAD 59 WAITING FOR MY TURN
1763753298920227: THREAD 38 WAITING FOR MY TURN
1763753298920237: THREAD 43 WAITING FOR MY TURN
1763753298920247: THREAD 44 WAITING FOR MY TURN
1763753298920256: THREAD 45 WAITING FOR MY TURN
1763753298920267: THREAD 30 WAITING FOR MY TURN
1763753298920276: THREAD 31 WAITING FOR MY TURN
1763753298920320: THREAD 31 WAITING FOR MY TURN
1763753298920468: THREAD 45 WAITING FOR MY TURN
1763753298920479: THREAD 30 WAITING FOR MY TURN
1763753298920490: THREAD 43 WAITING FOR MY TURN
1763753298920500: THREAD 38 WAITING FOR MY TURN
1763753298920510: THREAD 59 WAITING FOR MY TURN
1763753298920524: THREAD 44 WAITING FOR MY TURN
1763753298920534: THREAD 46 WAITING FOR MY TURN
1763753298920545: THREAD 27 WAITING FOR MY TURN
1763753298920554: THREAD 29 WAITING FOR MY TURN
1763753298920565: THREAD 23 WAITING FOR MY TURN
1763753298920575: THREAD 25 WAITING FOR MY TURN
1763753298920584: THREAD 26 WAITING FOR MY TURN
1763753298920594: THREAD 42 WAITING FOR MY TURN
1763753298920604: THREAD 22 AWAKENED FOR WORK
1763753298920613: THREAD 22 DELETE,3885792650,Todd Howard
1763753298920614: THREAD 32 WAITING FOR MY TURN
1763753298920618: THREAD 22 READ LOCK ACQUIRED
1763753298920632: THREAD 58 WAITING FOR MY TURN
1763753298920638: THREAD 22 READ LOCK RELEASED
1763753298920652: THREAD 28 WAITING FOR MY TURN
1763753298920658: THREAD 22 WRITE LOCK ACQUIRED
1763753298920671: THREAD 47 WAITING FOR MY TURN
1763753298920678: THREAD 22 WRITE LOCK RELEASED
1763753298920690: THREAD 49 WAITING FOR MY TURN
1763753298920711: THREAD 24 WAITING FOR MY TURN
1763753298920722: THREAD 37 WAITING FOR MY TURN
1763753298920731: THREAD 41 WAITING FOR MY TURN
1763753298920741: THREAD 48 WAITING FOR MY TURN
1763753298920751: THREAD 34 WAITING FOR MY TURN
1763753298920761: THREAD 33 WAITING FOR MY TURN
1763753298920771: THREAD 52 WAITING FOR MY TURN
1763753298920780: THREAD 55 WAITING FOR MY TURN
1763753298920790: THREAD 40 WAITING FOR MY TURN
1763753298920799: THREAD 36 WAITING FOR MY TURN
1763753298920809: THREAD 57 WAITING FOR MY TURN
1763753298920819: THREAD 39 WAITING FOR MY TURN
1763753298920830: THREAD 50 WAITING FOR MY TURN
1763753298920839: THREAD 56 WAITING FOR MY TURN
1763753298920850: THREAD 35 WAITING FOR MY TURN
1763753298920859: THREAD 51 WAITING FOR MY TURN
1763753298920869: THREAD 53 WAITING FOR MY TURN
1763753298920878: THREAD 54 WAITING FOR MY TURN
1763753298920919: THREAD 54 WAITING FOR MY TURN
1763753298921066: THREAD 35 WAITING FOR MY TURN
1763753298921075: THREAD 53 WAITING FOR MY TURN
1763753298921086: THREAD 51 WAITING FOR MY TURN
1763753298921097: THREAD 50 WAITING FOR MY TURN
1763753298921107: THREAD 56 WAITING FOR MY TURN
1763753298921118: THREAD 39 WAITING FOR MY TURN
1763753298921127: THREAD 36 WAITING FOR MY TURN
1763753298921139: THREAD 40 WAITING FOR MY TURN
1763753298921150: THREAD 52 WAITING FOR MY TURN
1763753298921165: THREAD 33 WAITING FOR MY TURN
1763753298921176: THREAD 55 WAITING FOR MY TURN
1763753298921188: THREAD 48 WAITING FOR MY TURN
1763753298921198: THREAD 57 WAITING FOR MY TURN
1763753298921208: THREAD 34 WAITING FOR MY TURN
1763753298921219: THREAD 24 WAITING FOR MY TURN
1763753298921230: THREAD 37 WAITING FOR MY TURN
1763753298921241: THREAD 41 WAITING FOR MY TURN
1763753298921252: THREAD 28 WAITING FOR MY TURN
1763753298921262: THREAD 47 WAITING FOR MY TURN
1763753298921273: THREAD 49 WAITING FOR MY TURN
1763753298921283: THREAD 58 WAITING FOR MY TURN
1763753298921294: THREAD 32 WAITING FOR MY TURN
1763753298921304: THREAD 42 WAITING FOR MY TURN
1763753298921315: THREAD 25 WAITING FOR MY TURN
1763753298921325: THREAD 27 WAITING FOR MY TURN
1763753298921336: THREAD 26 WAITING FOR MY TURN
1763753298921346: THREAD 23 AWAKENED FOR WORK
1763753298921355: THREAD 23 SEARCH,3885792650,Todd Howard
1763753298921356: THREAD 29 WAITING FOR MY TURN
1763753298921360: THREAD 23 READ LOCK ACQUIRED
1763753298921373: THREAD 44 WAITING FOR MY TURN
1763753298921377: THREAD 23 READ LOCK RELEASED
1763753298921395: THREAD 38 WAITING FOR MY TURN
1763753298921416: THREAD 46 WAITING FOR MY TURN
1763753298921427: THREAD 59 WAITING FOR MY TURN
1763753298921437: THREAD 43 WAITING FOR MY TURN
1763753298921448: THREAD 45 WAITING FOR MY TURN
1763753298921459: THREAD 30 WAITING FOR MY TURN
1763753298921469: THREAD 31 WAITING FOR MY TURN
1763753298921509: THREAD 30 WAITING FOR MY TURN
1763753298921659: THREAD 31 WAITING FOR MY TURN
1763753298921673: THREAD 43 WAITING FOR MY TURN
1763753298921685: THREAD 45 WAITING FOR MY TURN
1763753298921698: THREAD 59 WAITING FOR MY TURN
1763753298921707: THREAD 26 WAITING FOR MY TURN
1763753298921716: THREAD 38 WAITING FOR MY TURN
1763753298921726: THREAD 29 WAITING FOR MY TURN
1763753298921737: THREAD 46 WAITING FOR MY TURN
1763753298921748: THREAD 44 WAITING FOR MY TURN
1763753298921760: THREAD 27 WAITING FOR MY TURN
1763753298921770: THREAD 25 WAITING FOR MY TURN
1763753298921780: THREAD 42 WAITING FOR MY TURN
1763753298921790: THREAD 32 WAITING FOR MY TURN
1763753298921800: THREAD 58 WAITING FOR MY TURN
1763753298921809: THREAD 49 WAITING FOR MY TURN
1763753298921819: THREAD 47 WAITING FOR MY TURN
1763753298921829: THREAD 28 WAITING FOR MY TURN
1763753298921840: THREAD 24 AWAKENED FOR WORK
1763753298921848: THREAD 24 INSERT,1687466630,Solid Snake,80000
1763753298921849: THREAD 37 WAITING FOR MY TURN
1763753298921853: THREAD 24 WRITE LOCK ACQUIRED
1763753298921866: THREAD 34 WAITING FOR MY TURN
1763753298921873: THREAD 24 WRITE LOCK RELEASED
1763753298921885: THREAD 41 WAITING FOR MY TURN
1763753298921904: THREAD 48 WAITING FOR MY TURN
1763753298921913: THREAD 52 WAITING FOR MY TURN
1763753298921923: THREAD 33 WAITING FOR MY TURN
1763753298921933: THREAD 36 WAITING FOR MY TURN
1763753298921943: THREAD 57 WAITING FOR MY TURN
1763753298921952: THREAD 40 WAITING FOR MY TURN
1763753298921962: THREAD 56 WAITING FOR MY TURN
1763753298921972: THREAD 55 WAITING FOR MY TURN
1763753298921981: THREAD 39 WAITING FOR MY TURN
1763753298921991: THREAD 53 WAITING FOR MY TURN
1763753298922000: THREAD 50 WAITING FOR MY TURN
1763753298922009: THREAD 35 WAITING FOR MY TURN
1763753298922019: THREAD 51 WAITING FOR MY TURN
1763753298922028: THREAD 54 WAITING FOR MY TURN
1763753298922068: THREAD 54 WAITING FOR MY TURN
1763753298922206: THREAD 51 WAITING FOR MY TURN
1763753298922215: THREAD 35 WAITING FOR MY TURN
1763753298922226: THREAD 50 WAITING FOR MY TURN
1763753298922237: THREAD 53 WAITING FOR MY TURN
1763753298922247: THREAD 39 WAITING FOR MY TURN
1763753298922258: THREAD 55 WAITING FOR MY TURN
1763753298922267: THREAD 57 WAITING FOR MY TURN
1763753298922278: THREAD 40 WAITING FOR MY TURN
1763753298922288: THREAD 52 WAITING FOR MY TURN
1763753298922302: THREAD 56 WAITING FOR MY TURN
1763753298922313: THREAD 48 WAITING FOR MY TURN
1763753298922324: THREAD 36 WAITING FOR MY TURN
1763753298922335: THREAD 41 WAITING FOR MY TURN
1763753298922346: THREAD 33 WAITING FOR MY TURN
1763753298922355: THREAD 34 WAITING FOR MY TURN
1763753298922367: THREAD 28 WAITING FOR MY TURN
1763753298922377: THREAD 37 WAITING FOR MY TURN
1763753298922389: THREAD 49 WAITING FOR MY TURN
1763753298922399: THREAD 58 WAITING FOR MY TURN
1763753298922410: THREAD 47 WAITING FOR MY TURN
1763753298922420: THREAD 42 WAITING FOR MY TURN
1763753298922431: THREAD 46 WAITING FOR MY TURN
1763753298922441: THREAD 32 WAITING FOR MY TURN
1763753298922453: THREAD 44 WAITING FOR MY TURN
1763753298922463: THREAD 25 AWAKENED FOR WORK
1763753298922473: THREAD 25 INSERT,74577200,Master Chief,83000
1763753298922474: THREAD 27 WAITING FOR MY TURN
1763753298922478: THREAD 25 WRITE LOCK ACQUIRED
1763753298922491: THREAD 38 WAITING FOR MY TURN
1763753298922496: THREAD 25 WRITE LOCK RELEASED
1763753298922508: THREAD 29 WAITING FOR MY TURN
1763753298922527: THREAD 45 WAITING FOR MY TURN
1763753298922537: THREAD 26 WAITING FOR MY TURN
1763753298922548: THREAD 59 WAITING FOR MY TURN
1763753298922559: THREAD 30 WAITING FOR MY TURN
1763753298922569: THREAD 43 WAITING FOR MY TURN
1763753298922580: THREAD 31 WAITING FOR MY TURN
1763753298922620: THREAD 31 WAITING FOR MY TURN
1763753298922758: THREAD 43 WAITING FOR MY TURN
1763753298922768: THREAD 30 WAITING FOR MY TURN
1763753298922780: THREAD 26 AWAKENED FOR WORK
1763753298922792: THREAD 26 UPDATE,448054155,Gabe Newell,93000
1763753298922793: THREAD 59 WAITING FOR MY TURN
1763753298922797: THREAD 26 WRITE LOCK ACQUIRED
1763753298922810: THREAD 32 WAITING FOR MY TURN
1763753298922815: THREAD 26 WRITE LOCK RELEASED
1763753298922829: THREAD 44 WAITING FOR MY TURN
1763753298922847: THREAD 29 WAITING FOR MY TURN
1763753298922856: THREAD 38 WAITING FOR MY TURN
1763753298922866: THREAD 45 WAITING FOR MY TURN
1763753298922876: THREAD 27 WAITING FOR MY TURN
1763753298922886: THREAD 47 WAITING FOR MY TURN
1763753298922897: THREAD 46 WAITING FOR MY TURN
1763753298922907: THREAD 58 WAITING FOR MY TURN
1763753298922917: THREAD 49 WAITING FOR MY TURN
1763753298922927: THREAD 37 WAITING FOR MY TURN
1763753298922937: THREAD 42 WAITING FOR MY TURN
1763753298922947: THREAD 28 WAITING FOR MY TURN
1763753298922957: THREAD 33 WAITING FOR MY TURN
1763753298922967: THREAD 34 WAITING FOR MY TURN
1763753298922977: THREAD 41 WAITING FOR MY TURN
1763753298922986: THREAD 48 WAITING FOR MY TURN
1763753298922997: THREAD 56 WAITING FOR MY TURN
1763753298923006: THREAD 36 WAITING FOR MY TURN
1763753298923016: THREAD 52 WAITING FOR MY TURN
1763753298923025: THREAD 57 WAITING FOR MY TURN
1763753298923035: THREAD 40 WAITING FOR MY TURN
1763753298923045: THREAD 53 WAITING FOR MY TURN
1763753298923055: THREAD 55 WAITING FOR MY TURN
1763753298923064: THREAD 39 WAITING FOR MY TURN
1763753298923074: THREAD 35 WAITING FOR MY TURN
1763753298923083: THREAD 54 WAITING FOR MY TURN
1763753298923094: THREAD 50 WAITING FOR MY TURN
1763753298923104: THREAD 51 WAITING FOR MY TURN
1763753298923142: THREAD 51 WAITING FOR MY TURN
1763753298923267: THREAD 35 WAITING FOR MY TURN
1763753298923278: THREAD 54 WAITING FOR MY TURN
1763753298923289: THREAD 50 WAITING FOR MY TURN
1763753298923301: THREAD 39 WAITING FOR MY TURN
1763753298923311: THREAD 55 WAITING FOR MY TURN
1763753298923326: THREAD 52 WAITING FOR MY TURN
1763753298923336: THREAD 53 WAITING FOR MY TURN
1763753298923346: THREAD 57 WAITING FOR MY TURN
1763753298923356: THREAD 40 WAITING FOR MY TURN
1763753298923367: THREAD 48 WAITING FOR MY TURN
1763753298923377: THREAD 41 WAITING FOR MY TURN
1763753298923388: THREAD 36 WAITING FOR MY TURN
1763753298923398: THREAD 56 WAITING FOR MY TURN
1763753298923408: THREAD 28 WAITING FOR MY TURN
1763753298923419: THREAD 34 WAITING FOR MY TURN
1763753298923429: THREAD 37 WAITING FOR MY TURN
1763753298923440: THREAD 42 WAITING FOR MY TURN
1763753298923450: THREAD 33 WAITING FOR MY TURN
1763753298923460: THREAD 58 WAITING FOR MY TURN
1763753298923471: THREAD 49 WAITING FOR MY TURN
1763753298923482: THREAD 47 WAITING FOR MY TURN
1763753298923492: THREAD 45 WAITING FOR MY TURN
1763753298923503: THREAD 27 AWAKENED FOR WORK
1763753298923512: THREAD 27 SEARCH,448054155,Gabe Newell
1763753298923514: THREAD 38 WAITING FOR MY TURN
1763753298923517: THREAD 27 READ LOCK ACQUIRED
1763753298923530: THREAD 32 WAITING FOR MY TURN
1763753298923535: THREAD 27 READ LOCK RELEASED
1763753298923548: THREAD 46 WAITING FOR MY TURN
1763753298923567: THREAD 29 WAITING FOR MY TURN
1763753298923578: THREAD 59 WAITING FOR MY TURN
1763753298923588: THREAD 44 WAITING FOR MY TURN
1763753298923599: THREAD 30 WAITING FOR MY TURN
1763753298923609: THREAD 43 WAITING FOR MY TURN
1763753298923620: THREAD 31 WAITING FOR MY TURN
1763753298923658: THREAD 31 WAITING FOR MY TURN
1763753298923781: THREAD 43 WAITING FOR MY TURN
1763753298923792: THREAD 44 WAITING FOR MY TURN
1763753298923803: THREAD 59 WAITING FOR MY TURN
1763753298923814: THREAD 30 WAITING FOR MY TURN
1763753298923825: THREAD 47 WAITING FOR MY TURN
1763753298923836: THREAD 45 WAITING FOR MY TURN
1763753298923846: THREAD 29 WAITING FOR MY TURN
1763753298923855: THREAD 32 WAITING FOR MY TURN
1763753298923865: THREAD 38 WAITING FOR MY TURN
1763753298923875: THREAD 46 WAITING FOR MY TURN
1763753298923889: THREAD 49 WAITING FOR MY TURN
1763753298923902: THREAD 58 WAITING FOR MY TURN
1763753298923914: THREAD 33 WAITING FOR MY TURN
1763753298923924: THREAD 34 WAITING FOR MY TURN
1763753298923934: THREAD 37 WAITING FOR MY TURN
1763753298923944: THREAD 42 WAITING FOR MY TURN
1763753298923953: THREAD 41 WAITING FOR MY TURN
1763753298923963: THREAD 28 AWAKENED FOR WORK
1763753298923971: THREAD 28 INSERT,2407962485,Aerith Gainsborough,71000
1763753298923972: THREAD 36 WAITING FOR MY TURN
1763753298923976: THREAD 28 WRITE LOCK ACQUIRED
1763753298923988: THREAD 48 WAITING FOR MY TURN
1763753298923994: THREAD 28 WRITE LOCK RELEASED
1763753298924007: THREAD 56 WAITING FOR MY TURN
1763753298924026: THREAD 40 WAITING FOR MY TURN
1763753298924035: THREAD 52 WAITING FOR MY TURN
1763753298924045: THREAD 57 WAITING FOR MY TURN
1763753298924055: THREAD 55 WAITING FOR MY TURN
1763753298924065: THREAD 53 WAITING FOR MY TURN
1763753298924075: THREAD 39 WAITING FOR MY TURN
1763753298924085: THREAD 50 WAITING FOR MY TURN
1763753298924094: THREAD 51 WAITING FOR MY TURN
1763753298924104: THREAD 35 WAITING FOR MY TURN
1763753298924114: THREAD 54 WAITING FOR MY TURN
1763753298924160: THREAD 35 WAITING FOR MY TURN
1763753298924313: THREAD 54 WAITING FOR MY TURN
1763753298924329: THREAD 53 WAITING FOR MY TURN
1763753298924344: THREAD 51 WAITING FOR MY TURN
1763753298924356: THREAD 55 WAITING FOR MY TURN
1763753298924367: THREAD 39 WAITING FOR MY TURN
1763753298924378: THREAD 52 WAITING FOR MY TURN
1763753298924388: THREAD 48 WAITING FOR MY TURN
1763753298924399: THREAD 57 WAITING FOR MY TURN
1763753298924409: THREAD 36 WAITING FOR MY TURN
1763753298924419: THREAD 40 WAITING FOR MY TURN
1763753298924430: THREAD 33 WAITING FOR MY TURN
1763753298924440: THREAD 41 WAITING FOR MY TURN
1763753298924451: THREAD 56 WAITING FOR MY TURN
1763753298924465: THREAD 42 WAITING FOR MY TURN
1763753298924477: THREAD 58 WAITING FOR MY TURN
1763753298924492: THREAD 37 WAITING FOR MY TURN
1763753298924503: THREAD 34 WAITING FOR MY TURN
1763753298924513: THREAD 49 WAITING FOR MY TURN
1763753298924524: THREAD 38 WAITING FOR MY TURN
1763753298924534: THREAD 46 WAITING FOR MY TURN
1763753298924543: THREAD 32 WAITING FOR MY TURN
1763753298924553: THREAD 29 AWAKENED FOR WORK
1763753298924562: THREAD 29 INSERT,577223543,Tifa Lockhart,69000
1763753298924563: THREAD 50 WAITING FOR MY TURN
1763753298924568: THREAD 29 WRITE LOCK ACQUIRED
1763753298924580: THREAD 45 WAITING FOR MY TURN
1763753298924587: THREAD 29 WRITE LOCK RELEASED
1763753298924599: THREAD 47 WAITING FOR MY TURN
1763753298924617: THREAD 30 WAITING FOR MY TURN
1763753298924625: THREAD 59 WAITING FOR MY TURN
1763753298924635: THREAD 44 WAITING FOR MY TURN
1763753298924646: THREAD 43 WAITING FOR MY TURN
1763753298924659: THREAD 31 WAITING FOR MY TURN
1763753298924707: THREAD 31 WAITING FOR MY TURN
1763753298924984: THREAD 43 WAITING FOR MY TURN
1763753298925058: THREAD 47 WAITING FOR MY TURN
1763753298925073: THREAD 30 AWAKENED FOR WORK
1763753298925087: THREAD 30 INSERT,1944738683,Yuna,74000
1763753298925089: THREAD 44 WAITING FOR MY TURN
1763753298925092: THREAD 30 WRITE LOCK ACQUIRED
1763753298925108: THREAD 59 WAITING FOR MY TURN
1763753298925113: THREAD 30 WRITE LOCK RELEASED
1763753298925127: THREAD 45 WAITING FOR MY TURN
1763753298925152: THREAD 46 WAITING FOR MY TURN
1763753298925166: THREAD 34 WAITING FOR MY TURN
1763753298925178: THREAD 50 WAITING FOR MY TURN
1763753298925193: THREAD 49 WAITING FOR MY TURN
1763753298925207: THREAD 38 WAITING FOR MY TURN
1763753298925217: THREAD 37 WAITING FOR MY TURN
1763753298925230: THREAD 58 WAITING FOR MY TURN
1763753298925244: THREAD 56 WAITING FOR MY TURN
1763753298925257: THREAD 42 WAITING FOR MY TURN
1763753298925272: THREAD 41 WAITING FOR MY TURN
1763753298925284: THREAD 33 WAITING FOR MY TURN
1763753298925297: THREAD 36 WAITING FOR MY TURN
1763753298925309: THREAD 48 WAITING FOR MY TURN
1763753298925320: THREAD 57 WAITING FOR MY TURN
1763753298925331: THREAD 40 WAITING FOR MY TURN
1763753298925341: THREAD 39 WAITING FOR MY TURN
1763753298925351: THREAD 52 WAITING FOR MY TURN
1763753298925362: THREAD 53 WAITING FOR MY TURN
1763753298925439: THREAD 35 WAITING FOR MY TURN
1763753298925455: THREAD 54 WAITING FOR MY TURN
1763753298925470: THREAD 55 WAITING FOR MY TURN
1763753298925482: THREAD 51 WAITING FOR MY TURN
1763753298925494: THREAD 32 WAITING FOR MY TURN
1763753298925535: THREAD 32 WAITING FOR MY TURN
1763753298925654: THREAD 55 WAITING FOR MY TURN
1763753298925664: THREAD 51 WAITING FOR MY TURN
1763753298925675: THREAD 57 WAITING FOR MY TURN
1763753298925685: THREAD 53 WAITING FOR MY TURN
1763753298925696: THREAD 52 WAITING FOR MY TURN
1763753298925707: THREAD 39 WAITING FOR MY TURN
1763753298925717: THREAD 35 WAITING FOR MY TURN
1763753298925730: THREAD 54 WAITING FOR MY TURN
1763753298925739: THREAD 48 WAITING FOR MY TURN
1763753298925750: THREAD 36 WAITING FOR MY TURN
1763753298925760: THREAD 40 WAITING FOR MY TURN
1763753298925772: THREAD 33 WAITING FOR MY TURN
1763753298925783: THREAD 42 WAITING FOR MY TURN
1763753298925794: THREAD 41 WAITING FOR MY TURN
1763753298925808: THREAD 56 WAITING FOR MY TURN
1763753298925816: THREAD 58 WAITING FOR MY TURN
1763753298925826: THREAD 37 WAITING FOR MY TURN
1763753298925836: THREAD 49 WAITING FOR MY TURN
1763753298925847: THREAD 50 WAITING FOR MY TURN
1763753298925858: THREAD 38 WAITING FOR MY TURN
1763753298925867: THREAD 34 WAITING FOR MY TURN
1763753298925878: THREAD 45 WAITING FOR MY TURN
1763753298925888: THREAD 44 WAITING FOR MY TURN
1763753298925897: THREAD 31 AWAKENED FOR WORK
1763753298925910: THREAD 31 PRINT
1763753298925912: THREAD 46 WAITING FOR MY TURN
1763753298925915: THREAD 31 READ LOCK ACQUIRED
1763753298925925: THREAD 59 WAITING FOR MY TURN
1763753298925931: THREAD 31 READ LOCK RELEASED
1763753298925942: THREAD 43 WAITING FOR MY TURN
1763753298925957: THREAD 47 WAITING FOR MY TURN
1763753298926032: THREAD 43 WAITING FOR MY TURN
1763753298926148: THREAD 59 WAITING FOR MY TURN
1763753298926164: THREAD 47 WAITING FOR MY TURN
1763753298926175: THREAD 46 WAITING FOR MY TURN
1763753298926186: THREAD 45 WAITING FOR MY TURN
1763753298926196: THREAD 34 WAITING FOR MY TURN
1763753298926206: THREAD 50 WAITING FOR MY TURN
1763753298926217: THREAD 44 WAITING FOR MY TURN
1763753298926228: THREAD 49 WAITING FOR MY TURN
1763753298926242: THREAD 38 WAITING FOR MY TURN
1763753298926252: THREAD 37 WAITING FOR MY TURN
1763753298926262: THREAD 58 WAITING FOR MY TURN
1763753298926273: THREAD 56 WAITING FOR MY TURN
1763753298926288: THREAD 41 WAITING FOR MY TURN
1763753298926298: THREAD 42 WAITING FOR MY TURN
1763753298926308: THREAD 48 WAITING FOR MY TURN
1763753298926318: THREAD 40 WAITING FOR MY TURN
1763753298926329: THREAD 36 WAITING FOR MY TURN
1763753298926338: THREAD 33 WAITING FOR MY TURN
1763753298926349: THREAD 54 WAITING FOR MY TURN
1763753298926359: THREAD 35 WAITING FOR MY TURN
1763753298926371: THREAD 39 WAITING FOR MY TURN
1763753298926381: THREAD 57 WAITING FOR MY TURN
1763753298926391: THREAD 52 WAITING FOR MY TURN
1763753298926400: THREAD 53 WAITING FOR MY TURN
1763753298926410: THREAD 51 WAITING FOR MY TURN
1763753298926421: THREAD 32 AWAKENED FOR WORK
1763753298926430: THREAD 32 SEARCH,2407962485,Aerith Gainsborough
1763753298926431: THREAD 55 WAITING FOR MY TURN
1763753298926435: THREAD 32 READ LOCK ACQUIRED
1763753298926452: THREAD 32 READ LOCK RELEASED
1763753298926490: THREAD 55 WAITING FOR MY TURN
1763753298926599: THREAD 51 WAITING FOR MY TURN
1763753298926610: THREAD 53 WAITING FOR MY TURN
1763753298926622: THREAD 52 WAITING FOR MY TURN
1763753298926632: THREAD 39 WAITING FOR MY TURN
1763753298926642: THREAD 35 WAITING FOR MY TURN
1763753298926651: THREAD 57 WAITING FOR MY TURN
1763753298926661: THREAD 33 AWAKENED FOR WORK
1763753298926670: THREAD 33 UPDATE,2407962485,Aerith Gainsborough,76000
1763753298926671: THREAD 54 WAITING FOR MY TURN
1763753298926676: THREAD 33 WRITE LOCK ACQUIRED
1763753298926689: THREAD 48 WAITING FOR MY TURN
1763753298926695: THREAD 33 WRITE LOCK RELEASED
1763753298926708: THREAD 36 WAITING FOR MY TURN
1763753298926726: THREAD 40 WAITING FOR MY TURN
1763753298926738: THREAD 41 WAITING FOR MY TURN
1763753298926752: THREAD 42 WAITING FOR MY TURN
1763753298926763: THREAD 37 WAITING FOR MY TURN
1763753298926773: THREAD 56 WAITING FOR MY TURN
1763753298926784: THREAD 58 WAITING FOR MY TURN
1763753298926794: THREAD 44 WAITING FOR MY TURN
1763753298926804: THREAD 38 WAITING FOR MY TURN
1763753298926813: THREAD 50 WAITING FOR MY TURN
1763753298926823: THREAD 49 WAITING FOR MY TURN
1763753298926832: THREAD 46 WAITING FOR MY TURN
1763753298926842: THREAD 45 WAITING FOR MY TURN
1763753298926852: THREAD 34 WAITING FOR MY TURN
1763753298926862: THREAD 47 WAITING FOR MY TURN
1763753298926872: THREAD 59 WAITING FOR MY TURN
1763753298926882: THREAD 43 WAITING FOR MY TURN
1763753298926918: THREAD 43 WAITING FOR MY TURN
1763753298927021: THREAD 59 WAITING FOR MY TURN
1763753298927031: THREAD 47 WAITING FOR MY TURN
1763753298927042: THREAD 34 AWAKENED FOR WORK
1763753298927050: THREAD 34 SEARCH,2407962485,Aerith Gainsborough
1763753298927052: THREAD 45 WAITING FOR MY TURN
1763753298927055: THREAD 34 READ LOCK ACQUIRED
1763753298927070: THREAD 50 WAITING FOR MY TURN
1763753298927076: THREAD 34 READ LOCK RELEASED
1763753298927088: THREAD 38 WAITING FOR MY TURN
1763753298927106: THREAD 46 WAITING FOR MY TURN
1763753298927116: THREAD 49 WAITING FOR MY TURN
1763753298927126: THREAD 58 WAITING FOR MY TURN
1763753298927135: THREAD 56 WAITING FOR MY TURN
1763753298927145: THREAD 44 WAITING FOR MY TURN
1763753298927156: THREAD 40 WAITING FOR MY TURN
1763753298927166: THREAD 42 WAITING FOR MY TURN
1763753298927176: THREAD 41 WAITING FOR MY TURN
1763753298927185: THREAD 37 WAITING FOR MY TURN
1763753298927195: THREAD 54 WAITING FOR MY TURN
1763753298927205: THREAD 36 WAITING FOR MY TURN
1763753298927214: THREAD 35 WAITING FOR MY TURN
1763753298927224: THREAD 48 WAITING FOR MY TURN
1763753298927234: THREAD 52 WAITING FOR MY TURN
1763753298927244: THREAD 57 WAITING FOR MY TURN
1763753298927254: THREAD 53 WAITING FOR MY TURN
1763753298927263: THREAD 51 WAITING FOR MY TURN
1763753298927273: THREAD 39 WAITING FOR MY TURN
1763753298927284: THREAD 55 WAITING FOR MY TURN
1763753298927317: THREAD 55 WAITING FOR MY TURN
1763753298927418: THREAD 39 WAITING FOR MY TURN
1763753298927430: THREAD 51 WAITING FOR MY TURN
1763753298927439: THREAD 53 WAITING FOR MY TURN
1763753298927449: THREAD 57 WAITING FOR MY TURN
1763753298927459: THREAD 35 AWAKENED FOR WORK
1763753298927467: THREAD 35 DELETE,1636918322,Satoshi Kon
1763753298927468: THREAD 52 WAITING FOR MY TURN
1763753298927472: THREAD 35 READ LOCK ACQUIRED
1763753298927486: THREAD 36 WAITING FOR MY TURN
1763753298927492: THREAD 35 READ LOCK RELEASED
1763753298927506: THREAD 54 WAITING FOR MY TURN
1763753298927510: THREAD 35 WRITE LOCK ACQUIRED
1763753298927523: THREAD 48 WAITING FOR MY TURN
1763753298927529: THREAD 35 WRITE LOCK RELEASED
1763753298927543: THREAD 37 WAITING FOR MY TURN
1763753298927561: THREAD 41 WAITING FOR MY TURN
1763753298927572: THREAD 40 WAITING FOR MY TURN
1763753298927583: THREAD 56 WAITING FOR MY TURN
1763753298927593: THREAD 42 WAITING FOR MY TURN
1763753298927604: THREAD 44 WAITING FOR MY TURN
1763753298927614: THREAD 58 WAITING FOR MY TURN
1763753298927625: THREAD 46 WAITING FOR MY TURN
1763753298927637: THREAD 47 WAITING FOR MY TURN
1763753298927651: THREAD 50 WAITING FOR MY TURN
1763753298927662: THREAD 38 WAITING FOR MY TURN
1763753298927673: THREAD 49 WAITING FOR MY TURN
1763753298927684: THREAD 45 WAITING FOR MY TURN
1763753298927697: THREAD 43 WAITING FOR MY TURN
1763753298927706: THREAD 59 WAITING FOR MY TURN
1763753298927739: THREAD 43 WAITING FOR MY TURN
1763753298927837: THREAD 45 WAITING FOR MY TURN
1763753298927850: THREAD 59 WAITING FOR MY TURN
1763753298927861: THREAD 49 WAITING FOR MY TURN
1763753298927871: THREAD 47 WAITING FOR MY TURN
1763753298927881: THREAD 38 WAITING FOR MY TURN
1763753298927891: THREAD 50 WAITING FOR MY TURN
1763753298927901: THREAD 44 WAITING FOR MY TURN
1763753298927911: THREAD 42 WAITING FOR MY TURN
1763753298927922: THREAD 58 WAITING FOR MY TURN
1763753298927933: THREAD 56 WAITING FOR MY TURN
1763753298927942: THREAD 46 WAITING FOR MY TURN
1763753298927959: THREAD 40 WAITING FOR MY TURN
1763753298927971: THREAD 48 WAITING FOR MY TURN
1763753298927981: THREAD 41 WAITING FOR MY TURN
1763753298927992: THREAD 37 WAITING FOR MY TURN
1763753298928002: THREAD 54 WAITING FOR MY TURN
1763753298928012: THREAD 53 WAITING FOR MY TURN
1763753298928022: THREAD 57 WAITING FOR MY TURN
1763753298928032: THREAD 36 AWAKENED FOR WORK
1763753298928041: THREAD 36 SEARCH,1636918322,Satoshi Kon
1763753298928042: THREAD 52 WAITING FOR MY TURN
1763753298928046: THREAD 36 READ LOCK ACQUIRED
1763753298928059: THREAD 51 WAITING FOR MY TURN
1763753298928065: THREAD 36 READ LOCK RELEASED
1763753298928077: THREAD 55 WAITING FOR MY TURN
1763753298928097: THREAD 39 WAITING FOR MY TURN
1763753298928129: THREAD 55 WAITING FOR MY TURN
1763753298928221: THREAD 39 WAITING FOR MY TURN
1763753298928236: THREAD 52 WAITING FOR MY TURN
1763753298928246: THREAD 57 WAITING FOR MY TURN
1763753298928256: THREAD 53 WAITING FOR MY TURN
1763753298928266: THREAD 51 WAITING FOR MY TURN
1763753298928277: THREAD 54 WAITING FOR MY TURN
1763753298928289: THREAD 37 AWAKENED FOR WORK
1763753298928298: THREAD 37 INSERT,570842830,Nobuo Uematsu,88000
1763753298928299: THREAD 41 WAITING FOR MY TURN
1763753298928303: THREAD 37 WRITE LOCK ACQUIRED
1763753298928315: THREAD 48 WAITING FOR MY TURN
1763753298928322: THREAD 37 WRITE LOCK RELEASED
1763753298928335: THREAD 40 WAITING FOR MY TURN
1763753298928354: THREAD 56 WAITING FOR MY TURN
1763753298928364: THREAD 46 WAITING FOR MY TURN
1763753298928375: THREAD 58 WAITING FOR MY TURN
1763753298928386: THREAD 42 WAITING FOR MY TURN
1763753298928398: THREAD 44 WAITING FOR MY TURN
1763753298928408: THREAD 47 WAITING FOR MY TURN
1763753298928418: THREAD 38 WAITING FOR MY TURN
1763753298928430: THREAD 59 WAITING FOR MY TURN
1763753298928440: THREAD 45 WAITING FOR MY TURN
1763753298928526: THREAD 49 WAITING FOR MY TURN
1763753298928538: THREAD 50 WAITING FOR MY TURN
1763753298928549: THREAD 43 WAITING FOR MY TURN
1763753298928581: THREAD 43 WAITING FOR MY TURN
1763753298928665: THREAD 49 WAITING FOR MY TURN
1763753298928675: THREAD 45 WAITING FOR MY TURN
1763753298928687: THREAD 50 WAITING FOR MY TURN
1763753298928699: THREAD 59 WAITING FOR MY TURN
1763753298928709: THREAD 38 AWAKENED FOR WORK
1763753298928718: THREAD 38 INSERT,1499823524,Koji Kondo,86000
1763753298928719: THREAD 44 WAITING FOR MY TURN
1763753298928723: THREAD 38 WRITE LOCK ACQUIRED
1763753298928735: THREAD 47 WAITING FOR MY TURN
1763753298928742: THREAD 38 WRITE LOCK RELEASED
1763753298928754: THREAD 42 WAITING FOR MY TURN
1763753298928773: THREAD 40 WAITING FOR MY TURN
1763753298928784: THREAD 58 WAITING FOR MY TURN
1763753298928795: THREAD 46 WAITING FOR MY TURN
1763753298928804: THREAD 56 WAITING FOR MY TURN
1763753298928814: THREAD 48 WAITING FOR MY TURN
1763753298928825: THREAD 54 WAITING FOR MY TURN
1763753298928835: THREAD 41 WAITING FOR MY TURN
1763753298928844: THREAD 52 WAITING FOR MY TURN
1763753298928854: THREAD 51 WAITING FOR MY TURN
1763753298928864: THREAD 53 WAITING FOR MY TURN
1763753298928874: THREAD 57 WAITING FOR MY TURN
1763753298928884: THREAD 55 WAITING FOR MY TURN
1763753298928894: THREAD 39 WAITING FOR MY TURN
1763753298928923: THREAD 39 AWAKENED FOR WORK
1763753298928933: THREAD 39 INSERT,3972258834,Yoko Shimomura,91000
1763753298928934: THREAD 55 WAITING FOR MY TURN
1763753298928939: THREAD 39 WRITE LOCK ACQUIRED
1763753298928965: THREAD 39 WRITE LOCK RELEASED
1763753298929010: THREAD 51 WAITING FOR MY TURN
1763753298929022: THREAD 57 WAITING FOR MY TURN
1763753298929033: THREAD 52 WAITING FOR MY TURN
1763753298929044: THREAD 53 WAITING FOR MY TURN
1763753298929056: THREAD 54 WAITING FOR MY TURN
1763753298929066: THREAD 41 WAITING FOR MY TURN
1763753298929076: THREAD 58 WAITING FOR MY TURN
1763753298929086: THREAD 46 WAITING FOR MY TURN
1763753298929097: THREAD 42 WAITING FOR MY TURN
1763753298929106: THREAD 40 WAITING FOR MY TURN
1763753298929116: THREAD 48 WAITING FOR MY TURN
1763753298929140: THREAD 56 WAITING FOR MY TURN
1763753298929189: THREAD 47 WAITING FOR MY TURN
1763753298929199: THREAD 44 WAITING FOR MY TURN
1763753298929213: THREAD 59 WAITING FOR MY TURN
1763753298929226: THREAD 45 WAITING FOR MY TURN
1763753298929237: THREAD 50 WAITING FOR MY TURN
1763753298929249: THREAD 49 WAITING FOR MY TURN
1763753298929259: THREAD 43 WAITING FOR MY TURN
1763753298929275: THREAD 40 AWAKENED FOR WORK
1763753298929281: THREAD 40 PRINT
1763753298929284: THREAD 48 WAITING FOR MY TURN
1763753298929286: THREAD 40 READ LOCK ACQUIRED
1763753298929295: THREAD 46 WAITING FOR MY TURN
1763753298929303: THREAD 40 READ LOCK RELEASED
1763753298929317: THREAD 58 WAITING FOR MY TURN
1763753298929337: THREAD 42 WAITING FOR MY TURN
1763753298929347: THREAD 54 WAITING FOR MY TURN
1763753298929358: THREAD 52 WAITING FOR MY TURN
1763753298929367: THREAD 53 WAITING FOR MY TURN
1763753298929376: THREAD 41 WAITING FOR MY TURN
1763753298929385: THREAD 57 WAITING FOR MY TURN
1763753298929396: THREAD 51 WAITING FOR MY TURN
1763753298929408: THREAD 55 WAITING FOR MY TURN
1763753298929438: THREAD 51 WAITING FOR MY TURN
1763753298929518: THREAD 55 WAITING FOR MY TURN
1763753298929530: THREAD 57 WAITING FOR MY TURN
1763753298929541: THREAD 41 AWAKENED FOR WORK
1763753298929553: THREAD 41 UPDATE,1088855094,Hidetaka Miyazaki,100000
1763753298929555: THREAD 42 WAITING FOR MY TURN
1763753298929559: THREAD 41 WRITE LOCK ACQUIRED
1763753298929573: THREAD 53 WAITING FOR MY TURN
1763753298929577: THREAD 41 WRITE LOCK RELEASED
1763753298929591: THREAD 58 WAITING FOR MY TURN
1763753298929609: THREAD 43 WAITING FOR MY TURN
1763753298929619: THREAD 54 WAITING FOR MY TURN
1763753298929629: THREAD 52 WAITING FOR MY TURN
1763753298929640: THREAD 48 WAITING FOR MY TURN
1763753298929651: THREAD 50 WAITING FOR MY TURN
1763753298929663: THREAD 45 WAITING FOR MY TURN
1763753298929674: THREAD 46 WAITING FOR MY TURN
1763753298929686: THREAD 49 WAITING FOR MY TURN
1763753298929698: THREAD 44 WAITING FOR MY TURN
1763753298929710: THREAD 56 WAITING FOR MY TURN
1763753298929720: THREAD 47 WAITING FOR MY TURN
1763753298929731: THREAD 59 WAITING FOR MY TURN
1763753298929760: THREAD 59 WAITING FOR MY TURN
1763753298929833: THREAD 47 WAITING FOR MY TURN
1763753298929844: THREAD 56 WAITING FOR MY TURN
1763753298929855: THREAD 44 WAITING FOR MY TURN
1763753298929865: THREAD 49 WAITING FOR MY TURN
1763753298929875: THREAD 50 WAITING FOR MY TURN
1763753298929885: THREAD 45 WAITING FOR MY TURN
1763753298929895: THREAD 52 WAITING FOR MY TURN
1763753298929905: THREAD 46 WAITING FOR MY TURN
1763753298929915: THREAD 48 WAITING FOR MY TURN
1763753298929925: THREAD 54 WAITING FOR MY TURN
1763753298929935: THREAD 43 WAITING FOR MY TURN
1763753298929945: THREAD 58 WAITING FOR MY TURN
1763753298929954: THREAD 53 WAITING FOR MY TURN
1763753298929964: THREAD 57 WAITING FOR MY TURN
1763753298929974: THREAD 42 AWAKENED FOR WORK
1763753298929982: THREAD 42 UPDATE,1698859017,Hayao Miyazaki,110000
1763753298929983: THREAD 51 WAITING FOR MY TURN
1763753298929988: THREAD 42 WRITE LOCK ACQUIRED
1763753298930001: THREAD 55 WAITING FOR MY TURN
1763753298930007: THREAD 42 WRITE LOCK RELEASED
1763753298930049: THREAD 55 WAITING FOR MY TURN
1763753298930115: THREAD 51 WAITING FOR MY TURN
1763753298930128: THREAD 57 WAITING FOR MY TURN
1763753298930139: THREAD 53 WAITING FOR MY TURN
1763753298930150: THREAD 43 AWAKENED FOR WORK
1763753298930158: THREAD 43 SEARCH,1088855094,Hidetaka Miyazaki
1763753298930160: THREAD 46 WAITING FOR MY TURN
1763753298930164: THREAD 43 READ LOCK ACQUIRED
1763753298930178: THREAD 54 WAITING FOR MY TURN
1763753298930183: THREAD 43 READ LOCK RELEASED
1763753298930196: THREAD 58 WAITING FOR MY TURN
1763753298930215: THREAD 50 WAITING FOR MY TURN
1763753298930225: THREAD 52 WAITING FOR MY TURN
1763753298930235: THREAD 48 WAITING FOR MY TURN
1763753298930246: THREAD 45 WAITING FOR MY TURN
1763753298930258: THREAD 49 WAITING FOR MY TURN
1763753298930269: THREAD 44 WAITING FOR MY TURN
1763753298930279: THREAD 56 WAITING FOR MY TURN
1763753298930290: THREAD 47 WAITING FOR MY TURN
1763753298930301: THREAD 59 WAITING FOR MY TURN
1763753298930330: THREAD 47 WAITING FOR MY TURN
1763753298930400: THREAD 59 WAITING FOR MY TURN
1763753298930413: THREAD 56 WAITING FOR MY TURN
1763753298930424: THREAD 44 AWAKENED FOR WORK
1763753298930433: THREAD 44 SEARCH,1698859017,Hayao Miyazaki
1763753298930434: THREAD 52 WAITING FOR MY TURN
1763753298930438: THREAD 44 READ LOCK ACQUIRED
1763753298930450: THREAD 49 WAITING FOR MY TURN
1763753298930456: THREAD 44 READ LOCK RELEASED
1763753298930471: THREAD 48 WAITING FOR MY TURN
1763753298930488: THREAD 45 WAITING FOR MY TURN
1763753298930501: THREAD 50 WAITING FOR MY TURN
1763753298930511: THREAD 54 WAITING FOR MY TURN
1763753298930522: THREAD 58 WAITING FOR MY TURN
1763753298930532: THREAD 51 WAITING FOR MY TURN
1763753298930541: THREAD 46 WAITING FOR MY TURN
1763753298930551: THREAD 57 WAITING FOR MY TURN
1763753298930561: THREAD 53 WAITING FOR MY TURN
1763753298930570: THREAD 55 WAITING FOR MY TURN
1763753298930598: THREAD 55 WAITING FOR MY TURN
1763753298930658: THREAD 57 WAITING FOR MY TURN
1763753298930670: THREAD 46 WAITING FOR MY TURN
1763753298930681: THREAD 53 WAITING FOR MY TURN
1763753298930694: THREAD 58 WAITING FOR MY TURN
1763753298930703: THREAD 51 WAITING FOR MY TURN
1763753298930714: THREAD 54 WAITING FOR MY TURN
1763753298930724: THREAD 45 AWAKENED FOR WORK
1763753298930733: THREAD 45 INSERT,2149605728,Mario,65000
1763753298930734: THREAD 48 WAITING FOR MY TURN
1763753298930739: THREAD 45 WRITE LOCK ACQUIRED
1763753298930752: THREAD 49 WAITING FOR MY TURN
1763753298930757: THREAD 45 WRITE LOCK RELEASED
1763753298930771: THREAD 59 WAITING FOR MY TURN
1763753298930791: THREAD 50 WAITING FOR MY TURN
1763753298930802: THREAD 52 WAITING FOR MY TURN
1763753298930812: THREAD 47 WAITING FOR MY TURN
1763753298930823: THREAD 56 WAITING FOR MY TURN
1763753298930848: THREAD 47 WAITING FOR MY TURN
1763753298930911: THREAD 56 WAITING FOR MY TURN
1763753298930925: THREAD 59 WAITING FOR MY TURN
1763753298930936: THREAD 52 WAITING FOR MY TURN
1763753298930951: THREAD 49 WAITING FOR MY TURN
1763753298930962: THREAD 50 WAITING FOR MY TURN
1763753298930973: THREAD 58 WAITING FOR MY TURN
1763753298930984: THREAD 51 WAITING FOR MY TURN
1763753298930996: THREAD 48 WAITING FOR MY TURN
1763753298931006: THREAD 54 WAITING FOR MY TURN
1763753298931016: THREAD 46 AWAKENED FOR WORK
1763753298931024: THREAD 46 INSERT,3075887164,Sonic,67000
1763753298931026: THREAD 53 WAITING FOR MY TURN
1763753298931030: THREAD 46 WRITE LOCK ACQUIRED
1763753298931043: THREAD 57 WAITING FOR MY TURN
1763753298931050: THREAD 46 WRITE LOCK RELEASED
1763753298931060: THREAD 55 WAITING FOR MY TURN
1763753298931090: THREAD 55 WAITING FOR MY TURN
1763753298931152: THREAD 54 WAITING FOR MY TURN
1763753298931167: THREAD 53 WAITING FOR MY TURN
1763753298931184: THREAD 58 WAITING FOR MY TURN
1763753298931200: THREAD 50 WAITING FOR MY TURN
1763753298931212: THREAD 57 WAITING FOR MY TURN
1763753298931227: THREAD 48 WAITING FOR MY TURN
1763753298931239: THREAD 52 WAITING FOR MY TURN
1763753298931254: THREAD 49 WAITING FOR MY TURN
1763753298931266: THREAD 51 WAITING FOR MY TURN
1763753298931276: THREAD 59 WAITING FOR MY TURN
1763753298931287: THREAD 47 AWAKENED FOR WORK
1763753298931296: THREAD 47 DELETE,577223543,Tifa Lockhart
1763753298931298: THREAD 56 WAITING FOR MY TURN
1763753298931301: THREAD 47 READ LOCK ACQUIRED
1763753298931319: THREAD 47 READ LOCK RELEASED
1763753298931323: THREAD 47 WRITE LOCK ACQUIRED
1763753298931327: THREAD 47 WRITE LOCK RELEASED
1763753298931353: THREAD 56 WAITING FOR MY TURN
1763753298931397: THREAD 59 WAITING FOR MY TURN
1763753298931409: THREAD 49 WAITING FOR MY TURN
1763753298931425: THREAD 57 WAITING FOR MY TURN
1763753298931435: THREAD 52 WAITING FOR MY TURN
1763753298931446: THREAD 51 WAITING FOR MY TURN
1763753298931457: THREAD 48 AWAKENED FOR WORK
1763753298931470: THREAD 48 SEARCH,577223543,Tifa Lockhart
1763753298931470: THREAD 50 WAITING FOR MY TURN
1763753298931474: THREAD 48 READ LOCK ACQUIRED
1763753298931486: THREAD 48 READ LOCK RELEASED
1763753298931563: THREAD 55 WAITING FOR MY TURN
1763753298931572: THREAD 54 WAITING FOR MY TURN
1763753298931580: THREAD 58 WAITING FOR MY TURN
1763753298931594: THREAD 53 WAITING FOR MY TURN
1763753298931613: THREAD 58 WAITING FOR MY TURN
1763753298931658: THREAD 53 WAITING FOR MY TURN
1763753298931674: THREAD 49 AWAKENED FOR WORK
1763753298931684: THREAD 49 INSERT,2553899711,Lara Croft,77000
1763753298931686: THREAD 50 WAITING FOR MY TURN
1763753298931690: THREAD 49 WRITE LOCK ACQUIRED
1763753298931704: THREAD 52 WAITING FOR MY TURN
1763753298931710: THREAD 49 WRITE LOCK RELEASED
1763753298931724: THREAD 57 WAITING FOR MY TURN
1763753298931743: THREAD 55 WAITING FOR MY TURN
1763753298931753: THREAD 51 WAITING FOR MY TURN
1763753298931765: THREAD 54 WAITING FOR MY TURN
1763753298931775: THREAD 59 WAITING FOR MY TURN
1763753298931784: THREAD 56 WAITING FOR MY TURN
1763753298931817: THREAD 56 WAITING FOR MY TURN
1763753298931865: THREAD 54 WAITING FOR MY TURN
1763753298931882: THREAD 59 WAITING FOR MY TURN
1763753298931898: THREAD 51 WAITING FOR MY TURN
1763753298931909: THREAD 55 WAITING FOR MY TURN
1763753298931921: THREAD 52 WAITING FOR MY TURN
1763753298931937: THREAD 57 WAITING FOR MY TURN
1763753298931948: THREAD 50 AWAKENED FOR WORK
1763753298931957: THREAD 50 UPDATE,74577200,Master Chief,88000
1763753298931958: THREAD 53 WAITING FOR MY TURN
1763753298931962: THREAD 50 WRITE LOCK ACQUIRED
1763753298931977: THREAD 58 WAITING FOR MY TURN
1763753298931980: THREAD 50 WRITE LOCK RELEASED
1763753298932024: THREAD 58 WAITING FOR MY TURN
1763753298932069: THREAD 53 WAITING FOR MY TURN
1763753298932082: THREAD 57 WAITING FOR MY TURN
1763753298932093: THREAD 55 WAITING FOR MY TURN
1763753298932105: THREAD 51 AWAKENED FOR WORK
1763753298932111: THREAD 51 SEARCH,74577200,Master Chief
1763753298932113: THREAD 52 WAITING FOR MY TURN
1763753298932116: THREAD 51 READ LOCK ACQUIRED
1763753298932128: THREAD 59 WAITING FOR MY TURN
1763753298932129: THREAD 51 READ LOCK RELEASED
1763753298932144: THREAD 54 WAITING FOR MY TURN
1763753298932163: THREAD 56 WAITING FOR MY TURN
1763753298932188: THREAD 56 WAITING FOR MY TURN
1763753298932222: THREAD 54 WAITING FOR MY TURN
1763753298932232: THREAD 52 AWAKENED FOR WORK
1763753298932243: THREAD 52 PRINT
1763753298932245: THREAD 57 WAITING FOR MY TURN
1763753298932248: THREAD 52 READ LOCK ACQUIRED
1763753298932259: THREAD 59 WAITING FOR MY TURN
1763753298932263: THREAD 52 READ LOCK RELEASED
1763753298932271: THREAD 58 WAITING FOR MY TURN
1763753298932284: THREAD 53 WAITING FOR MY TURN
1763753298932298: THREAD 55 WAITING FOR MY TURN
1763753298932351: THREAD 55 WAITING FOR MY TURN
1763753298932381: THREAD 53 AWAKENED FOR WORK
1763753298932391: THREAD 53 INSERT,2693621267,Kirby,62000
1763753298932393: THREAD 56 WAITING FOR MY TURN
1763753298932397: THREAD 53 WRITE LOCK ACQUIRED
1763753298932410: THREAD 58 WAITING FOR MY TURN
1763753298932417: THREAD 53 WRITE LOCK RELEASED
1763753298932431: THREAD 59 WAITING FOR MY TURN
1763753298932448: THREAD 54 WAITING FOR MY TURN
1763753298932458: THREAD 57 WAITING FOR MY TURN
1763753298932473: THREAD 54 AWAKENED FOR WORK
1763753298932482: THREAD 54 UPDATE,2984192943,Link,87000
1763753298932484: THREAD 58 WAITING FOR MY TURN
1763753298932486: THREAD 54 WRITE LOCK ACQUIRED
1763753298932505: THREAD 59 WAITING FOR MY TURN
1763753298932517: THREAD 54 WRITE LOCK RELEASED
1763753298932530: THREAD 55 WAITING FOR MY TURN
1763753298932550: THREAD 57 WAITING FOR MY TURN
1763753298932564: THREAD 56 WAITING FOR MY TURN
1763753298932582: THREAD 56 WAITING FOR MY TURN
1763753298932657: THREAD 55 AWAKENED FOR WORK
1763753298932666: THREAD 55 DELETE,1944738683,Yuna
1763753298932669: THREAD 59 WAITING FOR MY TURN
1763753298932672: THREAD 55 READ LOCK ACQUIRED
1763753298932689: THREAD 57 WAITING FOR MY TURN
1763753298932702: THREAD 55 READ LOCK RELEASED
1763753298932716: THREAD 58 WAITING FOR MY TURN
1763753298932723: THREAD 55 WRITE LOCK ACQUIRED
1763753298932741: THREAD 55 WRITE LOCK RELEASED
1763753298932756: THREAD 58 WAITING FOR MY TURN
1763753298932765: THREAD 57 WAITING FOR MY TURN
1763753298932773: THREAD 59 WAITING FOR MY TURN
1763753298932781: THREAD 56 AWAKENED FOR WORK
1763753298932788: THREAD 56 INSERT,1925106209,Geralt of Rivia,84000
1763753298932796: THREAD 56 WRITE LOCK ACQUIRED
1763753298932802: THREAD 56 WRITE LOCK RELEASED
1763753298932819: THREAD 57 AWAKENED FOR WORK
1763753298932828: THREAD 57 SEARCH,3031909796,Nonexistent Character
1763753298932830: THREAD 58 WAITING FOR MY TURN
1763753298932832: THREAD 57 READ LOCK ACQUIRED
1763753298932848: THREAD 59 WAITING FOR MY TURN
1763753298932852: THREAD 57 READ LOCK RELEASED
1763753298932881: THREAD 59 WAITING FOR MY TURN
1763753298932890: THREAD 58 AWAKENED FOR WORK
1763753298932901: THREAD 58 UPDATE,1513496221,Missing Person,99999
1763753298932906: THREAD 58 WRITE LOCK ACQUIRED
1763753298932911: THREAD 58 WRITE LOCK RELEASED
1763753298932928: THREAD 59 AWAKENED FOR WORK
1763753298932935: THREAD 59 PRINT
1763753298932939: THREAD 59 READ LOCK ACQUIRED
1763753298932944: THREAD 59 READ LOCK RELEASED
1763753298933060: THREAD 59 READ LOCK ACQUIRED
1763753298933071: THREAD 59 READ LOCK RELEASED
