1763423466290964: THREAD 0 WAITING FOR MY TURN
1763423466291030: THREAD 0 AWAKENED FOR WORK
1763423466291040: THREAD 4 WAITING FOR MY TURN
1763423466291024: THREAD 3 WAITING FOR MY TURN
1763423466290964: THREAD 1 WAITING FOR MY TURN
1763423466291074: THREAD 5 WAITING FOR MY TURN
1763423466291128: THREAD 7 WAITING FOR MY TURN
1763423466290988: THREAD 2 WAITING FOR MY TURN
1763423466291154: THREAD 8 WAITING FOR MY TURN
1763423466291183: THREAD 9 WAITING FOR MY TURN
1763423466291082: THREAD 6 WAITING FOR MY TURN
1763423466291208: THREAD 10 WAITING FOR MY TURN
1763423466291238: THREAD 11 WAITING FOR MY TURN
1763423466291257: THREAD 12 WAITING FOR MY TURN
1763423466291283: THREAD 13 WAITING FOR MY TURN
1763423466291309: THREAD 14 WAITING FOR MY TURN
1763423466291333: THREAD 15 WAITING FOR MY TURN
1763423466291350: THREAD 16 WAITING FOR MY TURN
1763423466291375: THREAD 17 WAITING FOR MY TURN
1763423466291391: THREAD 18 WAITING FOR MY TURN
1763423466291413: THREAD 19 WAITING FOR MY TURN
1763423466291438: THREAD 20 WAITING FOR MY TURN
1763423466291459: THREAD 21 WAITING FOR MY TURN
1763423466291478: THREAD 22 WAITING FOR MY TURN
1763423466291502: THREAD 23 WAITING FOR MY TURN
1763423466291523: THREAD 24 WAITING FOR MY TURN
1763423466291542: THREAD 25 WAITING FOR MY TURN
1763423466291561: THREAD 26 WAITING FOR MY TURN
1763423466291581: THREAD 27 WAITING FOR MY TURN
1763423466291600: THREAD 28 WAITING FOR MY TURN
1763423466291622: THREAD 29 WAITING FOR MY TURN
1763423466291642: THREAD 30 WAITING FOR MY TURN
1763423466291663: THREAD 31 WAITING FOR MY TURN
1763423466291683: THREAD 32 WAITING FOR MY TURN
1763423466291705: THREAD 33 WAITING FOR MY TURN
1763423466291727: THREAD 34 WAITING FOR MY TURN
1763423466291747: THREAD 35 WAITING FOR MY TURN
1763423466291774: THREAD 36 WAITING FOR MY TURN
1763423466291796: THREAD 37 WAITING FOR MY TURN
1763423466291815: THREAD 38 WAITING FOR MY TURN
1763423466291834: THREAD 39 WAITING FOR MY TURN
1763423466291853: THREAD 40 WAITING FOR MY TURN
1763423466291874: THREAD 41 WAITING FOR MY TURN
1763423466291893: THREAD 42 WAITING FOR MY TURN
1763423466291912: THREAD 43 WAITING FOR MY TURN
1763423466291933: THREAD 44 WAITING FOR MY TURN
1763423466291959: THREAD 45 WAITING FOR MY TURN
1763423466291973: THREAD 46 WAITING FOR MY TURN
1763423466291994: THREAD 47 WAITING FOR MY TURN
1763423466292017: THREAD 48 WAITING FOR MY TURN
1763423466292038: THREAD 49 WAITING FOR MY TURN
1763423466292058: THREAD 50 WAITING FOR MY TURN
1763423466292077: THREAD 51 WAITING FOR MY TURN
1763423466292096: THREAD 52 WAITING FOR MY TURN
1763423466292115: THREAD 53 WAITING FOR MY TURN
1763423466292134: THREAD 54 WAITING FOR MY TURN
1763423466292159: THREAD 55 WAITING FOR MY TURN
1763423466292176: THREAD 56 WAITING FOR MY TURN
1763423466292198: THREAD 57 WAITING FOR MY TURN
1763423466292218: THREAD 58 WAITING FOR MY TURN
1763423466292237: THREAD 59 WAITING FOR MY TURN
1763423466294095: THREAD 0 INSERT,2626496378,Shigeru Miyamoto,85000
1763423466294110: THREAD 0 WRITE LOCK ACQUIRED
1763423466294138: THREAD 0 WRITE LOCK RELEASED
1763423466294230: THREAD 1 AWAKENED FOR WORK
1763423466297095: THREAD 1 INSERT,1146311068,Hideo Kojima,92000
1763423466297105: THREAD 1 WRITE LOCK ACQUIRED
1763423466297121: THREAD 1 WRITE LOCK RELEASED
1763423466297204: THREAD 2 AWAKENED FOR WORK
1763423466300251: THREAD 2 INSERT,2554187936,Gabe Newell,88000
1763423466300267: THREAD 2 WRITE LOCK ACQUIRED
1763423466300283: THREAD 2 WRITE LOCK RELEASED
1763423466300412: THREAD 3 AWAKENED FOR WORK
1763423466303439: THREAD 3 INSERT,550272200,Todd Howard,79000
1763423466303448: THREAD 3 WRITE LOCK ACQUIRED
1763423466303458: THREAD 3 WRITE LOCK RELEASED
1763423466303553: THREAD 4 AWAKENED FOR WORK
1763423466306504: THREAD 4 INSERT,4035375055,Hidetaka Miyazaki,95000
1763423466306513: THREAD 4 WRITE LOCK ACQUIRED
1763423466306524: THREAD 4 WRITE LOCK RELEASED
1763423466306614: THREAD 5 AWAKENED FOR WORK
1763423466309609: THREAD 5 PRINT
1763423466309620: THREAD 5 READ LOCK ACQUIRED
1763423466309634: THREAD 5 READ LOCK RELEASED
1763423466309723: THREAD 6 AWAKENED FOR WORK
1763423466312653: THREAD 6 SEARCH,2626496378,Shigeru Miyamoto
1763423466312663: THREAD 6 READ LOCK ACQUIRED
1763423466312672: THREAD 6 READ LOCK RELEASED
1763423466312802: THREAD 7 AWAKENED FOR WORK
1763423466315856: THREAD 7 SEARCH,1146311068,Hideo Kojima
1763423466315871: THREAD 7 READ LOCK ACQUIRED
1763423466315885: THREAD 7 READ LOCK RELEASED
1763423466315989: THREAD 8 AWAKENED FOR WORK
1763423466320157: THREAD 8 INSERT,1989997018,Hayao Miyazaki,105000
1763423466320170: THREAD 8 WRITE LOCK ACQUIRED
1763423466320180: THREAD 8 WRITE LOCK RELEASED
1763423466320272: THREAD 9 AWAKENED FOR WORK
1763423466323268: THREAD 9 INSERT,116428576,Satoshi Kon,98000
1763423466323275: THREAD 9 WRITE LOCK ACQUIRED
1763423466323291: THREAD 9 WRITE LOCK RELEASED
1763423466323356: THREAD 10 AWAKENED FOR WORK
1763423466326539: THREAD 10 INSERT,1290684014,Makoto Shinkai,102000
1763423466326555: THREAD 10 WRITE LOCK ACQUIRED
1763423466326573: THREAD 10 WRITE LOCK RELEASED
1763423466326644: THREAD 11 AWAKENED FOR WORK
1763423466329790: THREAD 11 PRINT
1763423466329801: THREAD 11 READ LOCK ACQUIRED
1763423466329816: THREAD 11 READ LOCK RELEASED
1763423466329913: THREAD 12 AWAKENED FOR WORK
1763423466332779: THREAD 12 UPDATE,2626496378,Shigeru Miyamoto,90000
1763423466332789: THREAD 12 WRITE LOCK ACQUIRED
1763423466332798: THREAD 12 WRITE LOCK RELEASED
1763423466332875: THREAD 13 AWAKENED FOR WORK
1763423466335782: THREAD 13 UPDATE,1146311068,Hideo Kojima,97000
1763423466335791: THREAD 13 WRITE LOCK ACQUIRED
1763423466335800: THREAD 13 WRITE LOCK RELEASED
1763423466335909: THREAD 14 AWAKENED FOR WORK
1763423466338725: THREAD 14 SEARCH,2626496378,Shigeru Miyamoto
1763423466338732: THREAD 14 READ LOCK ACQUIRED
1763423466338741: THREAD 14 READ LOCK RELEASED
1763423466338835: THREAD 15 AWAKENED FOR WORK
1763423466341860: THREAD 15 SEARCH,1146311068,Hideo Kojima
1763423466341873: THREAD 15 READ LOCK ACQUIRED
1763423466341886: THREAD 15 READ LOCK RELEASED
1763423466341955: THREAD 16 AWAKENED FOR WORK
1763423466345078: THREAD 16 INSERT,1407337819,Cloud Strife,75000
1763423466345091: THREAD 16 WRITE LOCK ACQUIRED
1763423466345106: THREAD 16 WRITE LOCK RELEASED
1763423466345157: THREAD 17 AWAKENED FOR WORK
1763423466348180: THREAD 17 INSERT,921845688,Samus Aran,78000
1763423466348192: THREAD 17 WRITE LOCK ACQUIRED
1763423466348206: THREAD 17 WRITE LOCK RELEASED
1763423466348278: THREAD 18 AWAKENED FOR WORK
1763423466351179: THREAD 18 INSERT,2764657407,Link,82000
1763423466351190: THREAD 18 WRITE LOCK ACQUIRED
1763423466351204: THREAD 18 WRITE LOCK RELEASED
1763423466351281: THREAD 19 AWAKENED FOR WORK
1763423466354490: THREAD 19 SEARCH,1407337819,Cloud Strife
1763423466354501: THREAD 19 READ LOCK ACQUIRED
1763423466354510: THREAD 19 READ LOCK RELEASED
1763423466354585: THREAD 20 AWAKENED FOR WORK
1763423466357660: THREAD 20 SEARCH,2764657407,Link
1763423466357674: THREAD 20 READ LOCK ACQUIRED
1763423466357688: THREAD 20 READ LOCK RELEASED
1763423466357778: THREAD 21 AWAKENED FOR WORK
1763423466361378: THREAD 21 PRINT
1763423466361392: THREAD 21 READ LOCK ACQUIRED
1763423466361409: THREAD 21 READ LOCK RELEASED
1763423466361508: THREAD 22 AWAKENED FOR WORK
1763423466364536: THREAD 22 DELETE,550272200,Todd Howard
1763423466364548: THREAD 22 WRITE LOCK ACQUIRED
1763423466364562: THREAD 22 WRITE LOCK RELEASED
1763423466364622: THREAD 23 AWAKENED FOR WORK
1763423466367636: THREAD 23 SEARCH,550272200,Todd Howard
1763423466367648: THREAD 23 READ LOCK ACQUIRED
1763423466367658: THREAD 23 READ LOCK RELEASED
1763423466367718: THREAD 24 AWAKENED FOR WORK
1763423466370673: THREAD 24 INSERT,1072004280,Solid Snake,80000
1763423466370682: THREAD 24 WRITE LOCK ACQUIRED
1763423466370692: THREAD 24 WRITE LOCK RELEASED
1763423466370753: THREAD 25 AWAKENED FOR WORK
1763423466373795: THREAD 25 INSERT,702859142,Master Chief,83000
1763423466373811: THREAD 25 WRITE LOCK ACQUIRED
1763423466373835: THREAD 25 WRITE LOCK RELEASED
1763423466373915: THREAD 26 AWAKENED FOR WORK
1763423466376856: THREAD 26 UPDATE,2554187936,Gabe Newell,93000
1763423466376869: THREAD 26 WRITE LOCK ACQUIRED
1763423466376886: THREAD 26 WRITE LOCK RELEASED
1763423466376948: THREAD 27 AWAKENED FOR WORK
1763423466379877: THREAD 27 SEARCH,2554187936,Gabe Newell
1763423466379890: THREAD 27 READ LOCK ACQUIRED
1763423466379903: THREAD 27 READ LOCK RELEASED
1763423466379970: THREAD 28 AWAKENED FOR WORK
1763423466383097: THREAD 28 INSERT,3197103028,Aerith Gainsborough,71000
1763423466383106: THREAD 28 WRITE LOCK ACQUIRED
1763423466383117: THREAD 28 WRITE LOCK RELEASED
1763423466383182: THREAD 29 AWAKENED FOR WORK
1763423466386226: THREAD 29 INSERT,1019093708,Tifa Lockhart,69000
1763423466386235: THREAD 29 WRITE LOCK ACQUIRED
1763423466386245: THREAD 29 WRITE LOCK RELEASED
1763423466386328: THREAD 30 AWAKENED FOR WORK
1763423466389355: THREAD 30 INSERT,386886349,Yuna,74000
1763423466389367: THREAD 30 WRITE LOCK ACQUIRED
1763423466389378: THREAD 30 WRITE LOCK RELEASED
1763423466389437: THREAD 31 AWAKENED FOR WORK
1763423466392280: THREAD 31 PRINT
1763423466392294: THREAD 31 READ LOCK ACQUIRED
1763423466392308: THREAD 31 READ LOCK RELEASED
1763423466392372: THREAD 32 AWAKENED FOR WORK
1763423466395179: THREAD 32 SEARCH,3197103028,Aerith Gainsborough
1763423466395185: THREAD 32 READ LOCK ACQUIRED
1763423466395196: THREAD 32 READ LOCK RELEASED
1763423466395258: THREAD 33 AWAKENED FOR WORK
1763423466398076: THREAD 33 UPDATE,3197103028,Aerith Gainsborough,76000
1763423466398083: THREAD 33 WRITE LOCK ACQUIRED
1763423466398091: THREAD 33 WRITE LOCK RELEASED
1763423466398169: THREAD 34 AWAKENED FOR WORK
1763423466400978: THREAD 34 SEARCH,3197103028,Aerith Gainsborough
1763423466400984: THREAD 34 READ LOCK ACQUIRED
1763423466400993: THREAD 34 READ LOCK RELEASED
1763423466401055: THREAD 35 AWAKENED FOR WORK
1763423466404169: THREAD 35 DELETE,116428576,Satoshi Kon
1763423466404183: THREAD 35 WRITE LOCK ACQUIRED
1763423466404197: THREAD 35 WRITE LOCK RELEASED
1763423466404231: THREAD 36 AWAKENED FOR WORK
1763423466407498: THREAD 36 SEARCH,116428576,Satoshi Kon
1763423466410759: THREAD 36 READ LOCK ACQUIRED
1763423466410776: THREAD 36 READ LOCK RELEASED
1763423466410812: THREAD 37 AWAKENED FOR WORK
1763423466413670: THREAD 37 INSERT,738633962,Nobuo Uematsu,88000
1763423466413680: THREAD 37 WRITE LOCK ACQUIRED
1763423466413690: THREAD 37 WRITE LOCK RELEASED
1763423466413737: THREAD 38 AWAKENED FOR WORK
1763423466416740: THREAD 38 INSERT,1405926293,Koji Kondo,86000
1763423466416749: THREAD 38 WRITE LOCK ACQUIRED
1763423466416767: THREAD 38 WRITE LOCK RELEASED
1763423466416821: THREAD 39 AWAKENED FOR WORK
1763423466419639: THREAD 39 INSERT,3062042817,Yoko Shimomura,91000
1763423466419646: THREAD 39 WRITE LOCK ACQUIRED
1763423466419656: THREAD 39 WRITE LOCK RELEASED
1763423466419713: THREAD 40 AWAKENED FOR WORK
1763423466422877: THREAD 40 PRINT
1763423466422887: THREAD 40 READ LOCK ACQUIRED
1763423466422905: THREAD 40 READ LOCK RELEASED
1763423466423008: THREAD 41 AWAKENED FOR WORK
1763423466425887: THREAD 41 UPDATE,4035375055,Hidetaka Miyazaki,100000
1763423466425897: THREAD 41 WRITE LOCK ACQUIRED
1763423466425911: THREAD 41 WRITE LOCK RELEASED
1763423466425949: THREAD 42 AWAKENED FOR WORK
1763423466428867: THREAD 42 UPDATE,1989997018,Hayao Miyazaki,110000
1763423466428880: THREAD 42 WRITE LOCK ACQUIRED
1763423466428890: THREAD 42 WRITE LOCK RELEASED
1763423466428950: THREAD 43 AWAKENED FOR WORK
1763423466431851: THREAD 43 SEARCH,4035375055,Hidetaka Miyazaki
1763423466431860: THREAD 43 READ LOCK ACQUIRED
1763423466431869: THREAD 43 READ LOCK RELEASED
1763423466431895: THREAD 44 AWAKENED FOR WORK
1763423466434841: THREAD 44 SEARCH,1989997018,Hayao Miyazaki
1763423466434853: THREAD 44 READ LOCK ACQUIRED
1763423466434864: THREAD 44 READ LOCK RELEASED
1763423466434894: THREAD 45 AWAKENED FOR WORK
1763423466437946: THREAD 45 INSERT,4265037409,Mario,65000
1763423466437959: THREAD 45 WRITE LOCK ACQUIRED
1763423466437976: THREAD 45 WRITE LOCK RELEASED
1763423466438009: THREAD 46 AWAKENED FOR WORK
1763423466440915: THREAD 46 INSERT,2228003492,Sonic,67000
1763423466440927: THREAD 46 WRITE LOCK ACQUIRED
1763423466440942: THREAD 46 WRITE LOCK RELEASED
1763423466440986: THREAD 47 AWAKENED FOR WORK
1763423466443940: THREAD 47 DELETE,1019093708,Tifa Lockhart
1763423466443949: THREAD 47 WRITE LOCK ACQUIRED
1763423466443966: THREAD 47 WRITE LOCK RELEASED
1763423466443990: THREAD 48 AWAKENED FOR WORK
1763423466447123: THREAD 48 SEARCH,1019093708,Tifa Lockhart
1763423466447136: THREAD 48 READ LOCK ACQUIRED
1763423466447150: THREAD 48 READ LOCK RELEASED
1763423466447202: THREAD 49 AWAKENED FOR WORK
1763423466450232: THREAD 49 INSERT,2373295734,Lara Croft,77000
1763423466450240: THREAD 49 WRITE LOCK ACQUIRED
1763423466450250: THREAD 49 WRITE LOCK RELEASED
1763423466450271: THREAD 50 AWAKENED FOR WORK
1763423466453400: THREAD 50 UPDATE,702859142,Master Chief,88000
1763423466453412: THREAD 50 WRITE LOCK ACQUIRED
1763423466453425: THREAD 50 WRITE LOCK RELEASED
1763423466453467: THREAD 51 AWAKENED FOR WORK
1763423466456509: THREAD 51 SEARCH,702859142,Master Chief
1763423466456519: THREAD 51 READ LOCK ACQUIRED
1763423466456533: THREAD 51 READ LOCK RELEASED
1763423466456549: THREAD 52 AWAKENED FOR WORK
1763423466459575: THREAD 52 PRINT
1763423466459588: THREAD 52 READ LOCK ACQUIRED
1763423466459613: THREAD 52 READ LOCK RELEASED
1763423466459626: THREAD 53 AWAKENED FOR WORK
1763423466462827: THREAD 53 INSERT,1438165650,Kirby,62000
1763423466462838: THREAD 53 WRITE LOCK ACQUIRED
1763423466462849: THREAD 53 WRITE LOCK RELEASED
1763423466462866: THREAD 54 AWAKENED FOR WORK
1763423466465838: THREAD 54 UPDATE,2764657407,Link,87000
1763423466465849: THREAD 54 WRITE LOCK ACQUIRED
1763423466465858: THREAD 54 WRITE LOCK RELEASED
1763423466465875: THREAD 55 AWAKENED FOR WORK
1763423466468791: THREAD 55 DELETE,386886349,Yuna
1763423466468800: THREAD 55 WRITE LOCK ACQUIRED
1763423466468814: THREAD 55 WRITE LOCK RELEASED
1763423466468829: THREAD 56 AWAKENED FOR WORK
1763423466471976: THREAD 56 INSERT,1089760829,Geralt of Rivia,84000
1763423466471988: THREAD 56 WRITE LOCK ACQUIRED
1763423466471998: THREAD 56 WRITE LOCK RELEASED
1763423466472010: THREAD 57 AWAKENED FOR WORK
1763423466474914: THREAD 57 SEARCH,353417244,Nonexistent Character
1763423466474922: THREAD 57 READ LOCK ACQUIRED
1763423466474933: THREAD 57 READ LOCK RELEASED
1763423466474945: THREAD 58 AWAKENED FOR WORK
1763423466478071: THREAD 58 UPDATE,1128957728,Missing Person,99999
1763423466478083: THREAD 58 WRITE LOCK ACQUIRED
1763423466478101: THREAD 58 WRITE LOCK RELEASED
1763423466478117: THREAD 59 AWAKENED FOR WORK
1763423466481036: THREAD 59 PRINT
1763423466481056: THREAD 59 READ LOCK ACQUIRED
1763423466481075: THREAD 59 READ LOCK RELEASED

Number of lock acquisitions: 60
Number of lock releases: 60
Final Table:
702859142,Master Chief,88000
738633962,Nobuo Uematsu,88000
921845688,Samus Aran,78000
1072004280,Solid Snake,80000
1089760829,Geralt of Rivia,84000
1146311068,Hideo Kojima,97000
1290684014,Makoto Shinkai,102000
1405926293,Koji Kondo,86000
1407337819,Cloud Strife,75000
1438165650,Kirby,62000
1989997018,Hayao Miyazaki,110000
2228003492,Sonic,67000
2373295734,Lara Croft,77000
2554187936,Gabe Newell,93000
2626496378,Shigeru Miyamoto,90000
2764657407,Link,87000
3062042817,Yoko Shimomura,91000
3197103028,Aerith Gainsborough,76000
4035375055,Hidetaka Miyazaki,100000
4265037409,Mario,65000
